2025-06-07 12:13:37,593 - translator - INFO - 医学翻译器初始化完成 - 提供商: zhipu, 模型: glm-4
2025-06-07 12:13:37,593 - __main__ - INFO - 翻译器初始化成功
2025-06-07 12:13:37,593 - __main__ - INFO - 开始执行胰腺癌临床试验查询
2025-06-07 12:13:37,593 - __main__ - INFO - 正在查询: 乳腺癌
2025-06-07 12:13:37,593 - __main__ - INFO - 请求URL: https://beta-ut.clinicaltrials.gov/api/v2/studies?format=json&markupFormat=markdown&query.cond=%E4%B9%B3%E8%85%BA%E7%99%8C&countTotal=true&pageSize=50&filter.overallStatus=RECRUITING&postFilter.advanced=AREA%5BStartDate%5D2025&aggFilters=status%3Arec,phase%3A4+3+2+1
2025-06-07 12:13:38,194 - __main__ - INFO - 响应状态码: 200
2025-06-07 12:13:38,194 - __main__ - INFO - 查询成功，返回 0 个结果
2025-06-07 12:13:38,194 - __main__ - INFO - 原词 '乳腺癌' 查询无结果，尝试翻译后重新查询
2025-06-07 12:13:39,051 - translator - INFO - 缓存已保存: 你是一个专业的医学翻译专家。请将以下中文医学查询词翻译成英文，要求：1. 保持医学术语的准确性；2....
2025-06-07 12:13:39,051 - __main__ - INFO - 使用翻译器转换查询词: '乳腺癌' -> 'Breast Cancer'
2025-06-07 12:13:39,051 - __main__ - INFO - 使用翻译后的查询词重新搜索: 'Breast Cancer'
2025-06-07 12:13:39,051 - __main__ - INFO - 正在查询: Breast Cancer
2025-06-07 12:13:39,051 - __main__ - INFO - 请求URL: https://beta-ut.clinicaltrials.gov/api/v2/studies?format=json&markupFormat=markdown&query.cond=Breast+Cancer&countTotal=true&pageSize=50&filter.overallStatus=RECRUITING&postFilter.advanced=AREA%5BStartDate%5D2025&aggFilters=status%3Arec,phase%3A4+3+2+1
2025-06-07 12:13:39,623 - __main__ - INFO - 响应状态码: 200
2025-06-07 12:13:39,627 - __main__ - INFO - 查询成功，返回 87 个结果
2025-06-07 12:13:39,653 - __main__ - INFO - API响应数据已保存到 api_response.json
2025-06-07 12:13:39,653 - __main__ - INFO - 获取到 50 个试验
2025-06-07 12:13:39,654 - __main__ - INFO - 使用用户指定的首次发布日期过滤: 2025-01-01
2025-06-07 12:13:39,654 - __main__ - INFO - 日期过滤后剩余 30 个试验
2025-06-07 12:13:39,655 - __main__ - INFO - 报告已保存到: 2025-06-07_胰腺癌临床试验.md
2025-06-07 12:13:39,655 - __main__ - INFO - 程序执行完成，共找到 30 个符合条件的试验
2025-06-07 12:16:39,837 - translator - INFO - 医学翻译器初始化完成 - 提供商: zhipu, 模型: glm-4
2025-06-07 12:16:39,837 - __main__ - INFO - 翻译器初始化成功
2025-06-07 12:16:39,837 - __main__ - INFO - 开始执行胰腺癌临床试验查询
2025-06-07 12:16:39,837 - __main__ - INFO - 正在查询: 乳腺癌
2025-06-07 12:16:39,838 - __main__ - INFO - 请求URL: https://beta-ut.clinicaltrials.gov/api/v2/studies?format=json&markupFormat=markdown&query.cond=%E4%B9%B3%E8%85%BA%E7%99%8C&countTotal=true&pageSize=50&filter.overallStatus=RECRUITING&postFilter.advanced=AREA%5BStartDate%5D2025&aggFilters=status%3Arec,phase%3A4+3+2+1
2025-06-07 12:16:40,340 - __main__ - INFO - 响应状态码: 200
2025-06-07 12:16:40,341 - __main__ - INFO - 查询成功，返回 0 个结果
2025-06-07 12:16:40,341 - __main__ - INFO - 原词 '乳腺癌' 查询无结果，尝试翻译后重新查询
2025-06-07 12:16:40,341 - translator - INFO - 缓存命中: 你是一个专业的医学翻译专家。请将以下中文医学查询词翻译成英文，要求：1. 保持医学术语的准确性；2....
2025-06-07 12:16:40,342 - __main__ - INFO - 使用翻译器转换查询词: '乳腺癌' -> 'Breast Cancer'
2025-06-07 12:16:40,342 - __main__ - INFO - 使用翻译后的查询词重新搜索: 'Breast Cancer'
2025-06-07 12:16:40,342 - __main__ - INFO - 正在查询: Breast Cancer
2025-06-07 12:16:40,342 - __main__ - INFO - 请求URL: https://beta-ut.clinicaltrials.gov/api/v2/studies?format=json&markupFormat=markdown&query.cond=Breast+Cancer&countTotal=true&pageSize=50&filter.overallStatus=RECRUITING&postFilter.advanced=AREA%5BStartDate%5D2025&aggFilters=status%3Arec,phase%3A4+3+2+1
2025-06-07 12:16:41,455 - __main__ - INFO - 响应状态码: 200
2025-06-07 12:16:41,463 - __main__ - INFO - 查询成功，返回 87 个结果
2025-06-07 12:16:41,497 - __main__ - INFO - API响应数据已保存到 api_response.json
2025-06-07 12:16:41,497 - __main__ - INFO - 获取到 50 个试验
2025-06-07 12:16:41,499 - __main__ - INFO - 使用用户指定的首次发布日期过滤: 2025-01-01
2025-06-07 12:16:41,500 - __main__ - INFO - 日期过滤后剩余 30 个试验
2025-06-07 12:16:41,500 - __main__ - INFO - 报告已保存到: 2025-06-07_胰腺癌临床试验.md
2025-06-07 12:16:41,500 - __main__ - INFO - 程序执行完成，共找到 30 个符合条件的试验
2025-06-07 12:18:19,816 - translator - INFO - 医学翻译器初始化完成 - 提供商: zhipu, 模型: glm-4
2025-06-07 12:18:19,817 - __main__ - INFO - 翻译器初始化成功
2025-06-07 12:18:19,817 - __main__ - INFO - 开始执行胰腺癌临床试验查询
2025-06-07 12:18:19,817 - __main__ - INFO - 正在查询: 乳腺癌
2025-06-07 12:18:19,817 - __main__ - INFO - 请求URL: https://beta-ut.clinicaltrials.gov/api/v2/studies?format=json&markupFormat=markdown&query.cond=%E4%B9%B3%E8%85%BA%E7%99%8C&countTotal=true&pageSize=50&filter.overallStatus=RECRUITING&postFilter.advanced=AREA%5BStartDate%5D2025&aggFilters=status%3Arec,phase%3A4+3+2+1
2025-06-07 12:18:20,490 - __main__ - INFO - 响应状态码: 200
2025-06-07 12:18:20,490 - __main__ - INFO - 查询成功，返回 0 个结果
2025-06-07 12:18:20,490 - __main__ - INFO - 原词 '乳腺癌' 查询无结果，尝试翻译后重新查询
2025-06-07 12:18:20,491 - translator - INFO - 缓存命中: 你是一个专业的医学翻译专家。请将以下中文医学查询词翻译成英文，要求：1. 保持医学术语的准确性；2....
2025-06-07 12:18:20,491 - __main__ - INFO - 使用翻译器转换查询词: '乳腺癌' -> 'Breast Cancer'
2025-06-07 12:18:20,491 - __main__ - INFO - 使用翻译后的查询词重新搜索: 'Breast Cancer'
2025-06-07 12:18:20,491 - __main__ - INFO - 正在查询: Breast Cancer
2025-06-07 12:18:20,491 - __main__ - INFO - 请求URL: https://beta-ut.clinicaltrials.gov/api/v2/studies?format=json&markupFormat=markdown&query.cond=Breast+Cancer&countTotal=true&pageSize=50&filter.overallStatus=RECRUITING&postFilter.advanced=AREA%5BStartDate%5D2025&aggFilters=status%3Arec,phase%3A4+3+2+1
2025-06-07 12:18:21,265 - __main__ - INFO - 响应状态码: 200
2025-06-07 12:18:21,273 - __main__ - INFO - 查询成功，返回 87 个结果
2025-06-07 12:18:21,300 - __main__ - INFO - API响应数据已保存到 api_response.json
2025-06-07 12:18:21,300 - __main__ - INFO - 获取到 50 个试验
2025-06-07 12:18:21,301 - __main__ - INFO - 使用用户指定的首次发布日期过滤: 2025-01-01
2025-06-07 12:18:21,301 - __main__ - INFO - 日期过滤后剩余 30 个试验
2025-06-07 12:18:21,302 - __main__ - INFO - 报告已保存到: 2025-06-07_乳腺癌_临床试验.md
2025-06-07 12:18:21,302 - __main__ - INFO - 程序执行完成，共找到 30 个符合条件的试验
2025-06-07 12:20:43,049 - translator - INFO - 医学翻译器初始化完成 - 提供商: zhipu, 模型: glm-4
2025-06-07 12:20:43,066 - __main__ - INFO - 翻译器初始化成功
2025-06-07 12:20:43,066 - __main__ - INFO - 开始执行胰腺癌临床试验查询
2025-06-07 12:20:43,066 - __main__ - INFO - 正在查询: 乳腺癌
2025-06-07 12:20:43,067 - __main__ - INFO - 请求URL: https://beta-ut.clinicaltrials.gov/api/v2/studies?format=json&markupFormat=markdown&query.cond=%E4%B9%B3%E8%85%BA%E7%99%8C&countTotal=true&pageSize=50&filter.overallStatus=RECRUITING&postFilter.advanced=AREA%5BStartDate%5D2025&aggFilters=status%3Arec,phase%3A4+3+2+1
2025-06-07 12:20:43,612 - __main__ - INFO - 响应状态码: 200
2025-06-07 12:20:43,612 - __main__ - INFO - 查询成功，返回 0 个结果
2025-06-07 12:20:43,612 - __main__ - INFO - 原词 '乳腺癌' 查询无结果，尝试翻译后重新查询
2025-06-07 12:20:43,612 - translator - INFO - 缓存命中: 你是一个专业的医学翻译专家。请将以下中文医学查询词翻译成英文，要求：1. 保持医学术语的准确性；2....
2025-06-07 12:20:43,612 - __main__ - INFO - 使用翻译器转换查询词: '乳腺癌' -> 'Breast Cancer'
2025-06-07 12:20:43,612 - __main__ - INFO - 使用翻译后的查询词重新搜索: 'Breast Cancer'
2025-06-07 12:20:43,612 - __main__ - INFO - 正在查询: Breast Cancer
2025-06-07 12:20:43,612 - __main__ - INFO - 请求URL: https://beta-ut.clinicaltrials.gov/api/v2/studies?format=json&markupFormat=markdown&query.cond=Breast+Cancer&countTotal=true&pageSize=50&filter.overallStatus=RECRUITING&postFilter.advanced=AREA%5BStartDate%5D2025&aggFilters=status%3Arec,phase%3A4+3+2+1
2025-06-07 12:20:44,268 - __main__ - INFO - 响应状态码: 200
2025-06-07 12:20:44,271 - __main__ - INFO - 查询成功，返回 87 个结果
2025-06-07 12:20:44,291 - __main__ - INFO - API响应数据已保存到 api_response.json
2025-06-07 12:20:44,291 - __main__ - INFO - 获取到 50 个试验
2025-06-07 12:20:44,292 - __main__ - INFO - 使用用户指定的首次发布日期过滤: 2025-01-01
2025-06-07 12:20:44,292 - __main__ - INFO - 日期过滤后剩余 30 个试验
2025-06-07 12:21:16,823 - translator - INFO - 医学翻译器初始化完成 - 提供商: zhipu, 模型: glm-4
2025-06-07 12:21:16,823 - __main__ - INFO - 翻译器初始化成功
2025-06-07 12:21:16,823 - __main__ - INFO - 开始执行胰腺癌临床试验查询
2025-06-07 12:21:16,823 - __main__ - INFO - 正在查询: bash -c "echo '乳腺癌' | python3 pancreatic_cancer_trials_v2.py"
2025-06-07 12:21:16,824 - __main__ - INFO - 请求URL: https://beta-ut.clinicaltrials.gov/api/v2/studies?format=json&markupFormat=markdown&query.cond=bash+-c+%22echo+%27%E4%B9%B3%E8%85%BA%E7%99%8C%27+%7C+python3+pancreatic_cancer_trials_v2.py%22&countTotal=true&pageSize=50&filter.overallStatus=RECRUITING&postFilter.advanced=AREA%5BStartDate%5D2025&aggFilters=status%3Arec,phase%3A4+3+2+1
2025-06-07 12:21:17,651 - __main__ - INFO - 响应状态码: 200
2025-06-07 12:21:17,651 - __main__ - INFO - 查询成功，返回 0 个结果
2025-06-07 12:21:17,651 - __main__ - INFO - 原词 'bash -c "echo '乳腺癌' | python3 pancreatic_cancer_trials_v2.py"' 查询无结果，尝试翻译后重新查询
2025-06-07 12:21:18,818 - translator - INFO - 缓存已保存: 你是一个专业的医学翻译专家。请将以下中文医学查询词翻译成英文，要求：1. 保持医学术语的准确性；2....
2025-06-07 12:21:18,818 - __main__ - INFO - 使用翻译器转换查询词: 'bash -c "echo '乳腺癌' | python3 pancreatic_cancer_trials_v2.py"' -> '"breast cancer" | python3 pancreatic_cancer_trials_v2.py"'
2025-06-07 12:21:18,818 - __main__ - INFO - 使用翻译后的查询词重新搜索: '"breast cancer" | python3 pancreatic_cancer_trials_v2.py"'
2025-06-07 12:21:18,818 - __main__ - INFO - 正在查询: "breast cancer" | python3 pancreatic_cancer_trials_v2.py"
2025-06-07 12:21:18,818 - __main__ - INFO - 请求URL: https://beta-ut.clinicaltrials.gov/api/v2/studies?format=json&markupFormat=markdown&query.cond=%22breast+cancer%22+%7C+python3+pancreatic_cancer_trials_v2.py%22&countTotal=true&pageSize=50&filter.overallStatus=RECRUITING&postFilter.advanced=AREA%5BStartDate%5D2025&aggFilters=status%3Arec,phase%3A4+3+2+1
2025-06-07 12:21:19,220 - __main__ - INFO - 响应状态码: 400
2025-06-07 12:21:19,220 - __main__ - ERROR - API请求失败: 400 Client Error: Bad Request for url: https://beta-ut.clinicaltrials.gov/api/v2/studies?format=json&markupFormat=markdown&query.cond=%22breast+cancer%22+%7C+python3+pancreatic_cancer_trials_v2.py%22&countTotal=true&pageSize=50&filter.overallStatus=RECRUITING&postFilter.advanced=AREA%5BStartDate%5D2025&aggFilters=status%3Arec,phase%3A4+3+2+1
2025-06-07 12:21:19,220 - __main__ - ERROR - 搜索试验时发生错误: 400 Client Error: Bad Request for url: https://beta-ut.clinicaltrials.gov/api/v2/studies?format=json&markupFormat=markdown&query.cond=%22breast+cancer%22+%7C+python3+pancreatic_cancer_trials_v2.py%22&countTotal=true&pageSize=50&filter.overallStatus=RECRUITING&postFilter.advanced=AREA%5BStartDate%5D2025&aggFilters=status%3Arec,phase%3A4+3+2+1
2025-06-07 12:21:19,220 - __main__ - INFO - 报告已保存到: 2025-06-07_bash_-c__echo_'乳腺癌'__临床试验.md
2025-06-07 12:21:19,220 - __main__ - INFO - 程序执行完成，共找到 0 个符合条件的试验
2025-06-07 12:22:42,886 - translator - INFO - 医学翻译器初始化完成 - 提供商: zhipu, 模型: glm-4
2025-06-07 12:22:42,886 - pancreatic_cancer_trials_v2 - INFO - 翻译器初始化成功
2025-06-07 12:22:42,886 - pancreatic_cancer_trials_v2 - INFO - 开始执行胰腺癌临床试验查询
2025-06-07 12:22:42,886 - pancreatic_cancer_trials_v2 - INFO - 正在查询: 乳腺癌
2025-06-07 12:22:42,886 - pancreatic_cancer_trials_v2 - INFO - 请求URL: https://beta-ut.clinicaltrials.gov/api/v2/studies?format=json&markupFormat=markdown&query.cond=%E4%B9%B3%E8%85%BA%E7%99%8C&countTotal=true&pageSize=50&filter.overallStatus=RECRUITING&postFilter.advanced=AREA%5BStartDate%5D2025&aggFilters=status%3Arec,phase%3A4+3+2+1
2025-06-07 12:22:43,451 - pancreatic_cancer_trials_v2 - INFO - 响应状态码: 200
2025-06-07 12:22:43,451 - pancreatic_cancer_trials_v2 - INFO - 查询成功，返回 0 个结果
2025-06-07 12:22:43,451 - pancreatic_cancer_trials_v2 - INFO - 原词 '乳腺癌' 查询无结果，尝试翻译后重新查询
2025-06-07 12:22:43,451 - translator - INFO - 缓存命中: 你是一个专业的医学翻译专家。请将以下中文医学查询词翻译成英文，要求：1. 保持医学术语的准确性；2....
2025-06-07 12:22:43,451 - pancreatic_cancer_trials_v2 - INFO - 使用翻译器转换查询词: '乳腺癌' -> 'Breast Cancer'
2025-06-07 12:22:43,451 - pancreatic_cancer_trials_v2 - INFO - 使用翻译后的查询词重新搜索: 'Breast Cancer'
2025-06-07 12:22:43,451 - pancreatic_cancer_trials_v2 - INFO - 正在查询: Breast Cancer
2025-06-07 12:22:43,451 - pancreatic_cancer_trials_v2 - INFO - 请求URL: https://beta-ut.clinicaltrials.gov/api/v2/studies?format=json&markupFormat=markdown&query.cond=Breast+Cancer&countTotal=true&pageSize=50&filter.overallStatus=RECRUITING&postFilter.advanced=AREA%5BStartDate%5D2025&aggFilters=status%3Arec,phase%3A4+3+2+1
2025-06-07 12:22:44,372 - pancreatic_cancer_trials_v2 - INFO - 响应状态码: 200
2025-06-07 12:22:44,375 - pancreatic_cancer_trials_v2 - INFO - 查询成功，返回 87 个结果
2025-06-07 12:22:44,397 - pancreatic_cancer_trials_v2 - INFO - API响应数据已保存到 api_response.json
2025-06-07 12:22:44,397 - pancreatic_cancer_trials_v2 - INFO - 获取到 50 个试验
2025-06-07 12:22:44,399 - pancreatic_cancer_trials_v2 - INFO - 使用用户指定的首次发布日期过滤: 2025-01-01
2025-06-07 12:22:44,399 - pancreatic_cancer_trials_v2 - INFO - 日期过滤后剩余 30 个试验
2025-06-07 12:22:46,062 - translator - INFO - 缓存已保存: A Pivotal Phase II Clinical Trial of Utidelone Inj...
2025-06-07 12:22:48,286 - translator - INFO - 医学翻译器初始化完成 - 提供商: zhipu, 模型: glm-4
2025-06-07 12:22:48,286 - pancreatic_cancer_trials_v2 - INFO - 翻译器初始化成功
2025-06-07 12:22:48,286 - pancreatic_cancer_trials_v2 - INFO - 开始执行胰腺癌临床试验查询
2025-06-07 12:22:48,286 - pancreatic_cancer_trials_v2 - INFO - 正在查询: 乳腺癌
2025-06-07 12:22:48,286 - pancreatic_cancer_trials_v2 - INFO - 请求URL: https://beta-ut.clinicaltrials.gov/api/v2/studies?format=json&markupFormat=markdown&query.cond=%E4%B9%B3%E8%85%BA%E7%99%8C&countTotal=true&pageSize=50&filter.overallStatus=RECRUITING&postFilter.advanced=AREA%5BStartDate%5D2025&aggFilters=status%3Arec,phase%3A4+3+2+1
2025-06-07 12:22:48,880 - pancreatic_cancer_trials_v2 - INFO - 响应状态码: 200
2025-06-07 12:22:48,880 - pancreatic_cancer_trials_v2 - INFO - 查询成功，返回 0 个结果
2025-06-07 12:22:48,880 - pancreatic_cancer_trials_v2 - INFO - 原词 '乳腺癌' 查询无结果，尝试翻译后重新查询
2025-06-07 12:22:48,880 - translator - INFO - 缓存命中: 你是一个专业的医学翻译专家。请将以下中文医学查询词翻译成英文，要求：1. 保持医学术语的准确性；2....
2025-06-07 12:22:48,880 - pancreatic_cancer_trials_v2 - INFO - 使用翻译器转换查询词: '乳腺癌' -> 'Breast Cancer'
2025-06-07 12:22:48,880 - pancreatic_cancer_trials_v2 - INFO - 使用翻译后的查询词重新搜索: 'Breast Cancer'
2025-06-07 12:22:48,880 - pancreatic_cancer_trials_v2 - INFO - 正在查询: Breast Cancer
2025-06-07 12:22:48,880 - pancreatic_cancer_trials_v2 - INFO - 请求URL: https://beta-ut.clinicaltrials.gov/api/v2/studies?format=json&markupFormat=markdown&query.cond=Breast+Cancer&countTotal=true&pageSize=50&filter.overallStatus=RECRUITING&postFilter.advanced=AREA%5BStartDate%5D2025&aggFilters=status%3Arec,phase%3A4+3+2+1
2025-06-07 12:22:49,556 - pancreatic_cancer_trials_v2 - INFO - 响应状态码: 200
2025-06-07 12:22:49,559 - pancreatic_cancer_trials_v2 - INFO - 查询成功，返回 87 个结果
2025-06-07 12:22:49,581 - pancreatic_cancer_trials_v2 - INFO - API响应数据已保存到 api_response.json
2025-06-07 12:22:49,581 - pancreatic_cancer_trials_v2 - INFO - 获取到 50 个试验
2025-06-07 12:22:49,582 - pancreatic_cancer_trials_v2 - INFO - 使用用户指定的首次发布日期过滤: 2025-01-01
2025-06-07 12:22:49,582 - pancreatic_cancer_trials_v2 - INFO - 日期过滤后剩余 30 个试验
2025-06-07 12:22:49,582 - translator - INFO - 缓存命中: A Pivotal Phase II Clinical Trial of Utidelone Inj...
2025-06-07 12:22:51,255 - translator - INFO - 缓存已保存: A Pivotal Phase II Clinical Trial of Utidelone Inj...
2025-06-07 12:22:52,190 - translator - INFO - 缓存已保存: HER2-negative Breast Cancer Patients with Brain Me...
2025-06-07 12:22:53,885 - translator - INFO - 缓存已保存: Utidelone, Utidelone in combination with capecitab...
2025-06-07 12:22:55,815 - translator - INFO - 缓存已保存: DRUG, DRUG, DRUG, DRUG...
2025-06-07 12:22:57,449 - translator - INFO - 缓存已保存: A Study of PARP1 Selective Inhibitor, EIK1004 (IMP...
2025-06-07 12:22:59,612 - translator - INFO - 缓存已保存: A Phase 1/2, Open-label, Multicenter, Dose-escalat...
2025-06-07 12:23:00,418 - translator - INFO - 缓存已保存: Advanced Solid Tumors...
2025-06-07 12:23:01,502 - translator - INFO - 缓存已保存: EIK1004-001 (IMP1707-001)...
2025-06-07 12:23:26,406 - translator - INFO - 缓存已保存: DRUG...
2025-06-07 12:23:29,046 - translator - INFO - 缓存已保存: A Study of Sacituzumab Tirumotecan (Sac-TMT, MK-28...
2025-06-07 12:23:37,675 - translator - INFO - 缓存已保存: A Phase 3, Randomized, Open-label Study Comparing ...
2025-06-07 12:23:38,414 - translator - INFO - 缓存已保存: Triple Negative Breast Neoplasms...
2025-06-07 12:23:40,379 - translator - INFO - 缓存已保存: Sacituzumab tirumotecan, Pembrolizumab, Rescue Med...
2025-06-07 12:23:41,558 - translator - INFO - 缓存已保存: BIOLOGICAL, BIOLOGICAL, DRUG, DRUG, DRUG, DRUG, DR...
2025-06-07 12:23:43,589 - translator - INFO - 缓存已保存: A Study to Learn More About How Well Treatment Wit...
2025-06-07 12:23:45,730 - translator - INFO - 缓存已保存: A Phase 2 Open-label Basket Study to Evaluate the ...
2025-06-07 12:23:46,601 - translator - INFO - 缓存已保存: Advanced Solid Tumors, HER2 Mutation...
2025-06-07 12:23:47,421 - translator - INFO - 缓存已保存: BAY2927088...
2025-06-07 12:23:47,421 - translator - INFO - 缓存命中: DRUG...
2025-06-07 12:23:48,462 - translator - INFO - 缓存已保存: A Study of MT-4561 in Patients With Various Advanc...
2025-06-07 12:23:51,265 - translator - INFO - 缓存已保存: A Phase I/II, Dose-escalation and Dose-optimizatio...
2025-06-07 12:23:56,183 - translator - INFO - 缓存已保存: Head and Neck Squamous Cell Carcinoma (HNSCC), Non...
2025-06-07 12:23:57,348 - translator - INFO - 缓存已保存: MT-4561...
2025-06-07 12:23:57,348 - translator - INFO - 缓存命中: DRUG...
2025-06-07 12:23:59,131 - translator - INFO - 缓存已保存: A Phase 1 Study of LNCB74 in Advanced Solid Tumors...
2025-06-07 12:24:01,427 - translator - INFO - 缓存已保存: A Phase 1, Open-label, Dose Escalation and Dose Ex...
2025-06-07 12:24:02,928 - translator - INFO - 缓存已保存: Ovarian Cancer, Breast Cancer, Endometrial Cancer,...
2025-06-07 12:24:03,741 - translator - INFO - 缓存已保存: LNCB74...
2025-06-07 12:24:03,741 - translator - INFO - 缓存命中: DRUG...
2025-06-07 12:24:04,752 - translator - INFO - 缓存已保存: Mediterranean Diet and Inequality in Early Breast ...
2025-06-07 12:24:05,775 - translator - INFO - 缓存已保存: Mediterranean Diet and Inequality in Early Breast ...
2025-06-07 12:24:06,518 - translator - INFO - 缓存已保存: Early Breast Cancer...
2025-06-07 12:24:08,098 - translator - INFO - 缓存已保存: The goal is daily consumption of a minimum of 30 g...
2025-06-07 12:24:08,907 - translator - INFO - 缓存已保存: DIETARY_SUPPLEMENT, OTHER...
2025-06-07 12:24:10,663 - translator - INFO - 缓存已保存: A Phase 1/2 Clinical Trial to Assess the Safety, T...
2025-06-07 12:24:12,781 - translator - INFO - 缓存已保存: A First-in-Human, Open-label, Phase 1/2 Clinical T...
2025-06-07 12:24:13,813 - translator - INFO - 缓存已保存: Melanoma (Skin), Non Small Cell Lung Cancer, Breas...
2025-06-07 12:24:14,571 - translator - INFO - 缓存已保存: ENV-501...
2025-06-07 12:28:05,403 - translator - INFO - 医学翻译器初始化完成 - 提供商: zhipu, 模型: glm-4
2025-06-07 12:28:05,404 - pancreatic_cancer_trials_v2 - INFO - 翻译器初始化成功
2025-06-07 12:28:10,383 - translator - INFO - 医学翻译器初始化完成 - 提供商: zhipu, 模型: glm-4
2025-06-07 12:28:10,383 - pancreatic_cancer_trials_v2 - INFO - 翻译器初始化成功
2025-06-07 12:29:47,722 - translator - INFO - 医学翻译器初始化完成 - 提供商: zhipu, 模型: glm-4
2025-06-07 12:29:47,722 - __main__ - INFO - 翻译器初始化成功
2025-06-07 12:29:47,722 - __main__ - INFO - 开始执行胰腺癌临床试验查询
2025-06-07 12:29:47,722 - __main__ - INFO - 正在查询: 乳腺癌
2025-06-07 12:29:47,722 - __main__ - INFO - 请求URL: https://beta-ut.clinicaltrials.gov/api/v2/studies?format=json&markupFormat=markdown&query.cond=%E4%B9%B3%E8%85%BA%E7%99%8C&countTotal=true&pageSize=50&filter.overallStatus=RECRUITING&postFilter.advanced=AREA%5BStartDate%5D2025&aggFilters=status%3Arec,phase%3A4+3+2+1
2025-06-07 12:29:48,310 - __main__ - INFO - 响应状态码: 200
2025-06-07 12:29:48,311 - __main__ - INFO - 查询成功，返回 0 个结果
2025-06-07 12:29:48,311 - __main__ - INFO - 原词 '乳腺癌' 查询无结果，尝试翻译后重新查询
2025-06-07 12:29:48,311 - translator - INFO - 缓存命中: 你是一个专业的医学翻译专家。请将以下中文医学查询词翻译成英文，要求：1. 保持医学术语的准确性；2....
2025-06-07 12:29:48,311 - __main__ - INFO - 使用翻译器转换查询词: '乳腺癌' -> 'Breast Cancer'
2025-06-07 12:29:48,311 - __main__ - INFO - 使用翻译后的查询词重新搜索: 'Breast Cancer'
2025-06-07 12:29:48,311 - __main__ - INFO - 正在查询: Breast Cancer
2025-06-07 12:29:48,311 - __main__ - INFO - 请求URL: https://beta-ut.clinicaltrials.gov/api/v2/studies?format=json&markupFormat=markdown&query.cond=Breast+Cancer&countTotal=true&pageSize=50&filter.overallStatus=RECRUITING&postFilter.advanced=AREA%5BStartDate%5D2025&aggFilters=status%3Arec,phase%3A4+3+2+1
2025-06-07 12:29:48,987 - __main__ - INFO - 响应状态码: 200
2025-06-07 12:29:48,991 - __main__ - INFO - 查询成功，返回 87 个结果
2025-06-07 12:29:49,018 - __main__ - INFO - API响应数据已保存到 api_response.json
2025-06-07 12:29:49,018 - __main__ - INFO - 获取到 50 个试验
2025-06-07 12:29:49,020 - __main__ - INFO - 使用用户指定的首次发布日期过滤: 2025-01-01
2025-06-07 12:29:49,020 - __main__ - INFO - 日期过滤后剩余 30 个试验
2025-06-07 12:29:49,020 - __main__ - INFO - 开始对 30 个试验进行状态分组
2025-06-07 12:29:49,020 - __main__ - INFO - 试验 1/30: NCT06764940, 状态: 'RECRUITING' -> 'RECRUITING'
2025-06-07 12:29:49,020 - __main__ - INFO -   -> 分组到: 招募中
2025-06-07 12:29:49,020 - __main__ - INFO - 试验 2/30: NCT06907043, 状态: 'RECRUITING' -> 'RECRUITING'
2025-06-07 12:29:49,021 - __main__ - INFO -   -> 分组到: 招募中
2025-06-07 12:29:49,021 - __main__ - INFO - 试验 3/30: NCT06841354, 状态: 'RECRUITING' -> 'RECRUITING'
2025-06-07 12:29:49,021 - __main__ - INFO -   -> 分组到: 招募中
2025-06-07 12:29:49,021 - __main__ - INFO - 试验 4/30: NCT06760819, 状态: 'RECRUITING' -> 'RECRUITING'
2025-06-07 12:29:49,021 - __main__ - INFO -   -> 分组到: 招募中
2025-06-07 12:29:49,021 - __main__ - INFO - 试验 5/30: NCT06943521, 状态: 'RECRUITING' -> 'RECRUITING'
2025-06-07 12:29:49,021 - __main__ - INFO -   -> 分组到: 招募中
2025-06-07 12:29:49,021 - __main__ - INFO - 试验 6/30: NCT06774963, 状态: 'RECRUITING' -> 'RECRUITING'
2025-06-07 12:29:49,021 - __main__ - INFO -   -> 分组到: 招募中
2025-06-07 12:29:49,021 - __main__ - INFO - 试验 7/30: NCT07007169, 状态: 'RECRUITING' -> 'RECRUITING'
2025-06-07 12:29:49,021 - __main__ - INFO -   -> 分组到: 招募中
2025-06-07 12:29:49,021 - __main__ - INFO - 试验 8/30: NCT06956690, 状态: 'RECRUITING' -> 'RECRUITING'
2025-06-07 12:29:49,021 - __main__ - INFO -   -> 分组到: 招募中
2025-06-07 12:29:49,021 - __main__ - INFO - 试验 9/30: NCT06811870, 状态: 'RECRUITING' -> 'RECRUITING'
2025-06-07 12:29:49,021 - __main__ - INFO -   -> 分组到: 招募中
2025-06-07 12:29:49,021 - __main__ - INFO - 试验 10/30: NCT06771219, 状态: 'RECRUITING' -> 'RECRUITING'
2025-06-07 12:29:49,021 - __main__ - INFO -   -> 分组到: 招募中
2025-06-07 12:29:49,021 - __main__ - INFO - 试验 11/30: NCT06847555, 状态: 'RECRUITING' -> 'RECRUITING'
2025-06-07 12:29:49,021 - __main__ - INFO -   -> 分组到: 招募中
2025-06-07 12:29:49,021 - __main__ - INFO - 试验 12/30: NCT06957886, 状态: 'RECRUITING' -> 'RECRUITING'
2025-06-07 12:29:49,021 - __main__ - INFO -   -> 分组到: 招募中
2025-06-07 12:29:49,021 - __main__ - INFO - 试验 13/30: NCT06840483, 状态: 'RECRUITING' -> 'RECRUITING'
2025-06-07 12:29:49,021 - __main__ - INFO -   -> 分组到: 招募中
2025-06-07 12:29:49,021 - __main__ - INFO - 试验 14/30: NCT06840821, 状态: 'RECRUITING' -> 'RECRUITING'
2025-06-07 12:29:49,021 - __main__ - INFO -   -> 分组到: 招募中
2025-06-07 12:29:49,021 - __main__ - INFO - 试验 15/30: NCT06756932, 状态: 'RECRUITING' -> 'RECRUITING'
2025-06-07 12:29:49,021 - __main__ - INFO -   -> 分组到: 招募中
2025-06-07 12:29:49,021 - __main__ - INFO - 试验 16/30: NCT06827613, 状态: 'RECRUITING' -> 'RECRUITING'
2025-06-07 12:29:49,021 - __main__ - INFO -   -> 分组到: 招募中
2025-06-07 12:29:49,021 - __main__ - INFO - 试验 17/30: NCT06920810, 状态: 'RECRUITING' -> 'RECRUITING'
2025-06-07 12:29:49,021 - __main__ - INFO -   -> 分组到: 招募中
2025-06-07 12:29:49,021 - __main__ - INFO - 试验 18/30: NCT06894771, 状态: 'RECRUITING' -> 'RECRUITING'
2025-06-07 12:29:49,021 - __main__ - INFO -   -> 分组到: 招募中
2025-06-07 12:29:49,021 - __main__ - INFO - 试验 19/30: NCT06977893, 状态: 'RECRUITING' -> 'RECRUITING'
2025-06-07 12:29:49,021 - __main__ - INFO -   -> 分组到: 招募中
2025-06-07 12:29:49,021 - __main__ - INFO - 试验 20/30: NCT06878248, 状态: 'RECRUITING' -> 'RECRUITING'
2025-06-07 12:29:49,021 - __main__ - INFO -   -> 分组到: 招募中
2025-06-07 12:29:49,021 - __main__ - INFO - 试验 21/30: NCT06764186, 状态: 'RECRUITING' -> 'RECRUITING'
2025-06-07 12:29:49,021 - __main__ - INFO -   -> 分组到: 招募中
2025-06-07 12:29:49,021 - __main__ - INFO - 试验 22/30: NCT06797635, 状态: 'RECRUITING' -> 'RECRUITING'
2025-06-07 12:29:49,021 - __main__ - INFO -   -> 分组到: 招募中
2025-06-07 12:29:49,021 - __main__ - INFO - 试验 23/30: NCT06915857, 状态: 'RECRUITING' -> 'RECRUITING'
2025-06-07 12:29:49,021 - __main__ - INFO -   -> 分组到: 招募中
2025-06-07 12:29:49,021 - __main__ - INFO - 试验 24/30: NCT06961955, 状态: 'RECRUITING' -> 'RECRUITING'
2025-06-07 12:29:49,021 - __main__ - INFO -   -> 分组到: 招募中
2025-06-07 12:29:49,022 - __main__ - INFO - 试验 25/30: NCT06993844, 状态: 'RECRUITING' -> 'RECRUITING'
2025-06-07 12:29:49,022 - __main__ - INFO -   -> 分组到: 招募中
2025-06-07 12:29:49,022 - __main__ - INFO - 试验 26/30: NCT06900647, 状态: 'RECRUITING' -> 'RECRUITING'
2025-06-07 12:29:49,022 - __main__ - INFO -   -> 分组到: 招募中
2025-06-07 12:29:49,022 - __main__ - INFO - 试验 27/30: NCT06902311, 状态: 'RECRUITING' -> 'RECRUITING'
2025-06-07 12:29:49,022 - __main__ - INFO -   -> 分组到: 招募中
2025-06-07 12:29:49,022 - __main__ - INFO - 试验 28/30: NCT06851442, 状态: 'RECRUITING' -> 'RECRUITING'
2025-06-07 12:29:49,022 - __main__ - INFO -   -> 分组到: 招募中
2025-06-07 12:29:49,022 - __main__ - INFO - 试验 29/30: NCT07007559, 状态: 'RECRUITING' -> 'RECRUITING'
2025-06-07 12:29:49,022 - __main__ - INFO -   -> 分组到: 招募中
2025-06-07 12:29:49,022 - __main__ - INFO - 试验 30/30: NCT06913777, 状态: 'RECRUITING' -> 'RECRUITING'
2025-06-07 12:29:49,022 - __main__ - INFO -   -> 分组到: 招募中
2025-06-07 12:29:49,022 - __main__ - INFO - 试验分组结果: 招募中=30, 活跃=0, 其他=0
2025-06-07 12:29:49,022 - __main__ - INFO - 开始生成试验列表内容
2025-06-07 12:29:49,022 - __main__ - INFO - 添加 30 个招募中的试验
2025-06-07 12:29:49,022 - __main__ - INFO - 格式化招募中试验 1/30
2025-06-07 12:29:49,022 - translator - INFO - 缓存命中: A Pivotal Phase II Clinical Trial of Utidelone Inj...
2025-06-07 12:29:49,022 - translator - INFO - 缓存命中: A Pivotal Phase II Clinical Trial of Utidelone Inj...
2025-06-07 12:29:49,022 - translator - INFO - 缓存命中: HER2-negative Breast Cancer Patients with Brain Me...
2025-06-07 12:29:49,022 - translator - INFO - 缓存命中: Utidelone, Utidelone in combination with capecitab...
2025-06-07 12:29:49,022 - translator - INFO - 缓存命中: DRUG, DRUG, DRUG, DRUG...
2025-06-07 12:29:49,022 - __main__ - INFO - 试验内容长度: 1233 字符
2025-06-07 12:29:49,022 - __main__ - INFO - 格式化招募中试验 2/30
2025-06-07 12:29:49,022 - translator - INFO - 缓存命中: A Study of PARP1 Selective Inhibitor, EIK1004 (IMP...
2025-06-07 12:29:49,022 - translator - INFO - 缓存命中: A Phase 1/2, Open-label, Multicenter, Dose-escalat...
2025-06-07 12:29:49,022 - translator - INFO - 缓存命中: Advanced Solid Tumors...
2025-06-07 12:29:49,022 - translator - INFO - 缓存命中: EIK1004-001 (IMP1707-001)...
2025-06-07 12:29:49,022 - translator - INFO - 缓存命中: DRUG...
2025-06-07 12:29:49,022 - __main__ - INFO - 试验内容长度: 3068 字符
2025-06-07 12:29:49,022 - __main__ - INFO - 格式化招募中试验 3/30
2025-06-07 12:29:49,022 - translator - INFO - 缓存命中: A Study of Sacituzumab Tirumotecan (Sac-TMT, MK-28...
2025-06-07 12:29:49,022 - translator - INFO - 缓存命中: A Phase 3, Randomized, Open-label Study Comparing ...
2025-06-07 12:29:49,022 - translator - INFO - 缓存命中: Triple Negative Breast Neoplasms...
2025-06-07 12:29:49,022 - translator - INFO - 缓存命中: Sacituzumab tirumotecan, Pembrolizumab, Rescue Med...
2025-06-07 12:29:49,022 - translator - INFO - 缓存命中: BIOLOGICAL, BIOLOGICAL, DRUG, DRUG, DRUG, DRUG, DR...
2025-06-07 12:29:49,022 - __main__ - INFO - 试验内容长度: 1947 字符
2025-06-07 12:29:49,022 - __main__ - INFO - 格式化招募中试验 4/30
2025-06-07 12:29:49,022 - translator - INFO - 缓存命中: A Study to Learn More About How Well Treatment Wit...
2025-06-07 12:29:49,022 - translator - INFO - 缓存命中: A Phase 2 Open-label Basket Study to Evaluate the ...
2025-06-07 12:29:49,023 - translator - INFO - 缓存命中: Advanced Solid Tumors, HER2 Mutation...
2025-06-07 12:29:49,023 - translator - INFO - 缓存命中: BAY2927088...
2025-06-07 12:29:49,023 - translator - INFO - 缓存命中: DRUG...
2025-06-07 12:29:49,023 - __main__ - INFO - 试验内容长度: 3318 字符
2025-06-07 12:29:49,023 - __main__ - INFO - 格式化招募中试验 5/30
2025-06-07 12:29:49,023 - translator - INFO - 缓存命中: A Study of MT-4561 in Patients With Various Advanc...
2025-06-07 12:29:49,023 - translator - INFO - 缓存命中: A Phase I/II, Dose-escalation and Dose-optimizatio...
2025-06-07 12:29:49,023 - translator - INFO - 缓存命中: Head and Neck Squamous Cell Carcinoma (HNSCC), Non...
2025-06-07 12:29:49,023 - translator - INFO - 缓存命中: MT-4561...
2025-06-07 12:29:49,023 - translator - INFO - 缓存命中: DRUG...
2025-06-07 12:29:49,023 - __main__ - INFO - 试验内容长度: 3673 字符
2025-06-07 12:29:49,023 - __main__ - INFO - 格式化招募中试验 6/30
2025-06-07 12:29:49,023 - translator - INFO - 缓存命中: A Phase 1 Study of LNCB74 in Advanced Solid Tumors...
2025-06-07 12:29:49,023 - translator - INFO - 缓存命中: A Phase 1, Open-label, Dose Escalation and Dose Ex...
2025-06-07 12:29:49,023 - translator - INFO - 缓存命中: Ovarian Cancer, Breast Cancer, Endometrial Cancer,...
2025-06-07 12:29:49,023 - translator - INFO - 缓存命中: LNCB74...
2025-06-07 12:29:49,023 - translator - INFO - 缓存命中: DRUG...
2025-06-07 12:29:49,023 - __main__ - INFO - 试验内容长度: 3149 字符
2025-06-07 12:29:49,023 - __main__ - INFO - 格式化招募中试验 7/30
2025-06-07 12:29:49,023 - translator - INFO - 缓存命中: Mediterranean Diet and Inequality in Early Breast ...
2025-06-07 12:29:49,023 - translator - INFO - 缓存命中: Mediterranean Diet and Inequality in Early Breast ...
2025-06-07 12:29:49,023 - translator - INFO - 缓存命中: Early Breast Cancer...
2025-06-07 12:29:49,023 - translator - INFO - 缓存命中: The goal is daily consumption of a minimum of 30 g...
2025-06-07 12:29:49,023 - translator - INFO - 缓存命中: DIETARY_SUPPLEMENT, OTHER...
2025-06-07 12:29:49,023 - __main__ - INFO - 试验内容长度: 1119 字符
2025-06-07 12:29:49,023 - __main__ - INFO - 格式化招募中试验 8/30
2025-06-07 12:29:49,023 - translator - INFO - 缓存命中: A Phase 1/2 Clinical Trial to Assess the Safety, T...
2025-06-07 12:29:49,023 - translator - INFO - 缓存命中: A First-in-Human, Open-label, Phase 1/2 Clinical T...
2025-06-07 12:29:49,023 - translator - INFO - 缓存命中: Melanoma (Skin), Non Small Cell Lung Cancer, Breas...
2025-06-07 12:29:49,023 - translator - INFO - 缓存命中: ENV-501...
2025-06-07 12:29:49,707 - translator - INFO - 缓存已保存: BIOLOGICAL...
2025-06-07 12:29:49,707 - __main__ - INFO - 试验内容长度: 1223 字符
2025-06-07 12:29:49,707 - __main__ - INFO - 格式化招募中试验 9/30
2025-06-07 12:29:51,022 - translator - INFO - 缓存已保存: A Phase II Single-Arm Clinical Study to Explore th...
2025-06-07 12:29:51,022 - translator - INFO - 缓存命中: A Phase II Single-Arm Clinical Study to Explore th...
2025-06-07 12:29:51,685 - translator - INFO - 缓存已保存: Breast Cancers...
2025-06-07 12:29:52,498 - translator - INFO - 缓存已保存: hyperbaric oxygen treatment...
2025-06-07 12:30:00,663 - translator - INFO - 缓存已保存: DEVICE...
2025-06-07 12:30:00,664 - __main__ - INFO - 试验内容长度: 2049 字符
2025-06-07 12:30:00,664 - __main__ - INFO - 格式化招募中试验 10/30
2025-06-07 12:30:01,742 - translator - INFO - 缓存已保存: SLV-154 Treatment of Metastatic Solid Tumors...
2025-06-07 12:30:02,932 - translator - INFO - 缓存已保存: A Phase 1 Dose-Escalation Study of SLV-154 in Subj...
2025-06-07 12:30:05,281 - translator - INFO - 缓存已保存: Squamous Cell Cancer of Head and Neck (SCCHN), NSC...
2025-06-07 12:30:06,265 - translator - INFO - 缓存已保存: SLV-154...
2025-06-07 12:30:06,265 - translator - INFO - 缓存命中: DRUG...
2025-06-07 12:30:06,265 - __main__ - INFO - 试验内容长度: 2954 字符
2025-06-07 12:30:06,265 - __main__ - INFO - 格式化招募中试验 11/30
2025-06-07 12:30:07,707 - translator - INFO - 缓存已保存: Phase I-II Clinical Study of Taurine for External ...
2025-06-07 12:30:07,708 - translator - INFO - 缓存命中: Phase I-II Clinical Study of Taurine for External ...
2025-06-07 12:30:08,890 - translator - INFO - 缓存已保存: To Evaluate the Safety of Taurine in Preventing Ac...
2025-06-07 12:30:09,620 - translator - INFO - 缓存已保存: Radiation...
2025-06-07 12:30:10,332 - translator - INFO - 缓存已保存: RADIATION...
2025-06-07 12:30:10,332 - __main__ - INFO - 试验内容长度: 1029 字符
2025-06-07 12:30:10,332 - __main__ - INFO - 格式化招募中试验 12/30
2025-06-07 12:30:11,944 - translator - INFO - 缓存已保存: A Study of BL-M07D1 Versus Investigator's Choice o...
2025-06-07 12:30:13,633 - translator - INFO - 缓存已保存: A Randomized, Controlled Phase III Study of BL-M07...
2025-06-07 12:30:14,571 - translator - INFO - 缓存已保存: HER2-low Breast Cancer...
2025-06-07 12:30:16,140 - translator - INFO - 缓存已保存: BL-M07D1, Capecitabine, Eribulin, Gemcitabine, Pac...
2025-06-07 12:30:19,084 - translator - INFO - 缓存已保存: DRUG, DRUG...
2025-06-07 12:30:19,085 - __main__ - INFO - 试验内容长度: 1351 字符
2025-06-07 12:30:19,085 - __main__ - INFO - 格式化招募中试验 13/30
2025-06-07 12:30:20,299 - translator - INFO - 缓存已保存: Study to Assess Clinical Activity of Zelenectide P...
2025-06-07 12:30:21,762 - translator - INFO - 缓存已保存: Phase 2 Study of Zelenectide Pevedotin in Particip...
2025-06-07 12:30:22,532 - translator - INFO - 缓存已保存: Breast Cancer...
2025-06-07 12:30:23,778 - translator - INFO - 缓存已保存: Zelenectide pevedotin (BT8009)...
2025-06-07 12:30:23,778 - translator - INFO - 缓存命中: DRUG...
2025-06-07 12:30:23,778 - __main__ - INFO - 试验内容长度: 3007 字符
2025-06-07 12:30:23,778 - __main__ - INFO - 格式化招募中试验 14/30
2025-06-07 12:30:25,375 - translator - INFO - 缓存已保存: Evaluating the Safety, Tolerability, and Prelimina...
2025-06-07 12:30:28,156 - translator - INFO - 缓存已保存: A Phase I/II, Multicenter, Open-label, Single-arm,...
2025-06-07 12:30:28,156 - translator - INFO - 缓存命中: Advanced Solid Tumors...
2025-06-07 12:30:29,080 - translator - INFO - 缓存已保存: MB0151 for injection...
2025-06-07 12:30:29,080 - translator - INFO - 缓存命中: DRUG...
2025-06-07 12:30:29,080 - __main__ - INFO - 试验内容长度: 3284 字符
2025-06-07 12:30:29,080 - __main__ - INFO - 格式化招募中试验 15/30
2025-06-07 12:30:31,298 - translator - INFO - 缓存已保存: BGB-21447 (Bcl-2 Inhibitor) Combinations for Adult...
2025-06-07 12:30:33,587 - translator - INFO - 缓存已保存: A Phase 1 Study to Investigate the Safety, Tolerab...
2025-06-07 12:30:34,781 - translator - INFO - 缓存已保存: Hormone-receptor-positive Breast Cancer, HER2-nega...
2025-06-07 12:30:36,016 - translator - INFO - 缓存已保存: BGB-21447, Fulvestrant, BGB-43395...
2025-06-07 12:30:36,843 - translator - INFO - 缓存已保存: DRUG, DRUG, DRUG...
2025-06-07 12:30:36,843 - __main__ - INFO - 试验内容长度: 1381 字符
2025-06-07 12:30:36,843 - __main__ - INFO - 格式化招募中试验 16/30
2025-06-07 12:30:39,156 - translator - INFO - 缓存已保存: A Study of Invikafusp Alfa (STAR0602), a Selective...
2025-06-07 12:30:42,311 - translator - INFO - 缓存已保存: A Phase 1b/2, Open-label Study to Investigate the ...
2025-06-07 12:30:43,518 - translator - INFO - 缓存已保存: Triple Negative Locally Advanced Non-resectable Br...
2025-06-07 12:30:44,664 - translator - INFO - 缓存已保存: STAR0602, Sacituzumab Govitecan (SG)...
2025-06-07 12:30:44,665 - translator - INFO - 缓存命中: DRUG, DRUG...
2025-06-07 12:30:44,665 - __main__ - INFO - 试验内容长度: 1816 字符
2025-06-07 12:30:44,665 - __main__ - INFO - 格式化招募中试验 17/30
2025-06-07 12:30:46,363 - translator - INFO - 缓存已保存: Viscum Album for TNBC on Adjuvant Pembrolizumab...
2025-06-07 12:30:47,752 - translator - INFO - 缓存已保存: Efficacy and Safety of Viscum Album in Patients Wi...
2025-06-07 12:30:48,610 - translator - INFO - 缓存已保存: Breast Cancer, Triple Negative Breast Cancer...
2025-06-07 12:30:49,443 - translator - INFO - 缓存已保存: viscum album...
2025-06-07 12:30:49,443 - translator - INFO - 缓存命中: DRUG...
2025-06-07 12:30:49,443 - __main__ - INFO - 试验内容长度: 2855 字符
2025-06-07 12:30:49,443 - __main__ - INFO - 格式化招募中试验 18/30
2025-06-07 12:30:51,300 - translator - INFO - 缓存已保存: A Study of MK-4700 Alone or With Pembrolizumab in ...
2025-06-07 12:30:53,590 - translator - INFO - 缓存已保存: A Phase 1 Open-label, Multicenter Study to Assess ...
2025-06-07 12:30:54,375 - translator - INFO - 缓存已保存: Malignant Neoplasm...
2025-06-07 12:30:55,417 - translator - INFO - 缓存已保存: MK-4700, Pembrolizumab...
2025-06-07 12:30:56,325 - translator - INFO - 缓存已保存: BIOLOGICAL, BIOLOGICAL...
2025-06-07 12:30:56,325 - __main__ - INFO - 试验内容长度: 1220 字符
2025-06-07 12:30:56,325 - __main__ - INFO - 格式化招募中试验 19/30
2025-06-07 12:30:58,256 - translator - INFO - 缓存已保存: Neoadjuvant Chemotherapy in Combination With Torip...
2025-06-07 12:30:58,256 - translator - INFO - 缓存命中: Neoadjuvant Chemotherapy in Combination With Torip...
2025-06-07 12:31:01,616 - translator - INFO - 缓存已保存: HR+/HER2- Breast Cancer...
2025-06-07 12:31:02,753 - translator - INFO - 缓存已保存: Neoadjuvant Chemotherapy in Combination with Torip...
2025-06-07 12:31:02,753 - translator - INFO - 缓存命中: DRUG, DRUG...
2025-06-07 12:31:02,753 - __main__ - INFO - 试验内容长度: 1604 字符
2025-06-07 12:31:02,753 - __main__ - INFO - 格式化招募中试验 20/30
2025-06-07 12:31:04,024 - translator - INFO - 缓存已保存: A Study to Assess CLBR001+ABBV-461 in Subjects Wit...
2025-06-07 12:31:06,664 - translator - INFO - 缓存已保存: A Phase 1, Open-Label, Dose-Escalation Study Evalu...
2025-06-07 12:31:08,563 - translator - INFO - 缓存已保存: Breast Cancer Metastatic, Locally Advanced Breast ...
2025-06-07 12:31:09,610 - translator - INFO - 缓存已保存: Two Component Product CLBR001 + ABBV-461...
2025-06-07 12:31:09,610 - translator - INFO - 缓存命中: BIOLOGICAL...
2025-06-07 12:31:09,610 - __main__ - INFO - 试验内容长度: 1497 字符
2025-06-07 12:31:09,610 - __main__ - INFO - 格式化招募中试验 21/30
2025-06-07 12:31:12,010 - translator - INFO - 缓存已保存: A Phase IIIB Study to Evaluate the Use of Capivase...
2025-06-07 12:31:14,353 - translator - INFO - 缓存已保存: A Phase IIIB Study to Evaluate the Use of Capivase...
2025-06-07 12:31:15,196 - translator - INFO - 缓存已保存: Locally Advanced or Metastatic Breast Cancer...
2025-06-07 12:31:16,173 - translator - INFO - 缓存已保存: Fulvestrant, Capivasertib...
2025-06-07 12:31:16,173 - translator - INFO - 缓存命中: DRUG, DRUG...
2025-06-07 12:31:16,173 - __main__ - INFO - 试验内容长度: 1518 字符
2025-06-07 12:31:16,173 - __main__ - INFO - 格式化招募中试验 22/30
2025-06-07 12:31:18,597 - translator - INFO - 缓存已保存: Study of Patritumab Deruxtecan Plus Pembrolizumab ...
2025-06-07 12:31:22,426 - translator - INFO - 缓存已保存: An Open-label Randomized Phase 2 Study to Evaluate...
2025-06-07 12:31:23,269 - translator - INFO - 缓存已保存: Breast Neoplasms, Breast Cancer...
2025-06-07 12:31:25,822 - translator - INFO - 缓存已保存: Patritumab deruxtecan, Pembrolizumab, Paclitaxel, ...
2025-06-07 12:31:27,070 - translator - INFO - 缓存已保存: BIOLOGICAL, BIOLOGICAL, DRUG, DRUG, DRUG, DRUG, DR...
2025-06-07 12:31:27,070 - __main__ - INFO - 试验内容长度: 2143 字符
2025-06-07 12:31:27,070 - __main__ - INFO - 格式化招募中试验 23/30
2025-06-07 12:31:28,644 - translator - INFO - 缓存已保存: Topical Betamethasone Versus Moisturizer in Preven...
2025-06-07 12:31:30,218 - translator - INFO - 缓存已保存: A Topical Betamethasone Versus Moisturizer in Prev...
2025-06-07 12:31:31,069 - translator - INFO - 缓存已保存: Breast Cancer, Radiation Dermatitis...
2025-06-07 12:31:31,909 - translator - INFO - 缓存已保存: Topical Betamethasone...
2025-06-07 12:31:31,909 - translator - INFO - 缓存命中: DEVICE...
2025-06-07 12:31:31,909 - __main__ - INFO - 试验内容长度: 2025 字符
2025-06-07 12:31:31,909 - __main__ - INFO - 格式化招募中试验 24/30
2025-06-07 12:31:33,196 - translator - INFO - 缓存已保存: 5 vs. 9-day Course of Whole Breast Radiotherapy Wi...
2025-06-07 12:31:34,817 - translator - INFO - 缓存已保存: FAST NOVEMBER: A Phase II Randomized Trial of a 5 ...
2025-06-07 12:31:36,211 - translator - INFO - 缓存已保存: Breast Cancer, Invasive Carcinoma of Breast, Ducta...
2025-06-07 12:31:36,973 - translator - INFO - 缓存已保存: Radiation Therapy...
2025-06-07 12:31:36,973 - translator - INFO - 缓存命中: RADIATION...
2025-06-07 12:31:36,974 - __main__ - INFO - 试验内容长度: 1004 字符
2025-06-07 12:31:36,974 - __main__ - INFO - 格式化招募中试验 25/30
2025-06-07 12:31:38,212 - translator - INFO - 缓存已保存: Phase 1/2 Study of ETX-636 in Participants With Ad...
2025-06-07 12:31:40,886 - translator - INFO - 缓存已保存: A Phase 1/2, Open-label, First-in-human Study of t...
2025-06-07 12:31:41,907 - translator - INFO - 缓存已保存: Advanced Solid Tumors, Advanced Breast Cancer...
2025-06-07 12:31:44,239 - translator - INFO - 缓存已保存: ETX-636 dose escalation, ETX-636 dose escalation i...
2025-06-07 12:31:44,239 - translator - INFO - 缓存命中: DRUG, DRUG, DRUG...
2025-06-07 12:31:44,239 - __main__ - INFO - 试验内容长度: 1320 字符
2025-06-07 12:31:44,239 - __main__ - INFO - 格式化招募中试验 26/30
2025-06-07 12:31:45,320 - translator - INFO - 缓存已保存: Bortezomib Plus Cisplatin in Recurrent or Metastat...
2025-06-07 12:31:46,803 - translator - INFO - 缓存已保存: Phase I Study to Evaluate the Safety and Prelimina...
2025-06-07 12:31:47,685 - translator - INFO - 缓存已保存: Metastatic Breast Cancer, Recurrent Breast Cancer...
2025-06-07 12:31:49,419 - translator - INFO - 缓存已保存: Bortezomib (B), Cisplatin (CDDP), Bortezomib (B), ...
2025-06-07 12:31:50,469 - translator - INFO - 缓存已保存: DRUG, DRUG, DRUG, DRUG, DRUG...
2025-06-07 12:31:50,470 - __main__ - INFO - 试验内容长度: 1031 字符
2025-06-07 12:31:50,470 - __main__ - INFO - 格式化招募中试验 27/30
2025-06-07 12:31:51,680 - translator - INFO - 缓存已保存: Ultra Hypo-fractionated Adjuvant Whole Breast Radi...
2025-06-07 12:31:51,681 - translator - INFO - 缓存命中: Ultra Hypo-fractionated Adjuvant Whole Breast Radi...
2025-06-07 12:31:52,963 - translator - INFO - 缓存已保存: Breast Cancer, Early-stage Breast Cancer, Ductal C...
2025-06-07 12:31:53,745 - translator - INFO - 缓存已保存: Breast Radiotherapy...
2025-06-07 12:31:53,746 - translator - INFO - 缓存命中: RADIATION...
2025-06-07 12:31:53,746 - __main__ - INFO - 试验内容长度: 1013 字符
2025-06-07 12:31:53,746 - __main__ - INFO - 格式化招募中试验 28/30
2025-06-07 12:31:56,045 - translator - INFO - 缓存已保存: Clinical Trial of Evaluating TQB3912 Tablets Combi...
2025-06-07 12:31:58,647 - translator - INFO - 缓存已保存: A Phase Ib/II Clinical Trial to Evaluate the Effic...
2025-06-07 12:31:58,647 - translator - INFO - 缓存命中: Breast Cancer...
2025-06-07 12:31:59,994 - translator - INFO - 缓存已保存: TQB3912 tablets in combination with fulvestrant in...
2025-06-07 12:31:59,994 - translator - INFO - 缓存命中: DRUG...
2025-06-07 12:31:59,994 - __main__ - INFO - 试验内容长度: 3428 字符
2025-06-07 12:31:59,994 - __main__ - INFO - 格式化招募中试验 29/30
2025-06-07 12:32:01,478 - translator - INFO - 缓存已保存: ASPEN-09: A Study of Evorpacept in Combination Wit...
2025-06-07 12:32:03,865 - translator - INFO - 缓存已保存: ASPEN-09: A Phase 1b/2, Multicenter, Multi Arm Stu...
2025-06-07 12:32:04,791 - translator - INFO - 缓存已保存: Breast Cancer, Metastatic, Colorectal Cancer...
2025-06-07 12:32:08,906 - translator - INFO - 缓存已保存: Evorpacept (ALX148), Cetuximab, FOLFIRI (Irinoteca...
2025-06-07 12:32:10,145 - translator - INFO - 缓存已保存: DRUG, DRUG, DRUG, DRUG, DRUG, DRUG, DRUG, DRUG, DR...
2025-06-07 12:32:10,145 - __main__ - INFO - 试验内容长度: 1398 字符
2025-06-07 12:32:10,145 - __main__ - INFO - 格式化招募中试验 30/30
2025-06-07 12:32:11,126 - translator - INFO - 缓存已保存: Neoadjuvant SNF Precision Therapy Phase III...
2025-06-07 12:32:13,154 - translator - INFO - 缓存已保存: An Open-Label, Multicenter, Randomized Controlled ...
2025-06-07 12:32:14,061 - translator - INFO - 缓存已保存: Neoadjuvant Therapy...
2025-06-07 12:32:16,153 - translator - INFO - 缓存已保存: Targeted therapy agents: SNF2 -adebrelimab + famit...
2025-06-07 12:32:16,154 - translator - INFO - 缓存命中: DRUG, DRUG...
2025-06-07 12:32:16,154 - __main__ - INFO - 试验内容长度: 1291 字符
2025-06-07 12:32:16,154 - __main__ - INFO - 最终内容总长度: 59126 字符
2025-06-07 12:32:16,154 - __main__ - INFO - 报告已保存到: 2025-06-07_乳腺癌_临床试验.md
2025-06-07 12:32:16,154 - __main__ - INFO - 程序执行完成，共找到 30 个符合条件的试验
2025-06-07 12:40:11,751 - translator - INFO - 医学翻译器初始化完成 - 提供商: zhipu, 模型: glm-4
2025-06-07 12:40:11,752 - __main__ - INFO - 翻译器初始化成功
2025-06-07 12:40:11,752 - __main__ - INFO - 开始执行胰腺癌临床试验查询
2025-06-07 12:40:11,752 - __main__ - INFO - 正在查询: 乳腺癌
2025-06-07 12:40:11,752 - __main__ - INFO - 请求URL: https://beta-ut.clinicaltrials.gov/api/v2/studies?format=json&markupFormat=markdown&query.cond=%E4%B9%B3%E8%85%BA%E7%99%8C&countTotal=true&pageSize=50&filter.overallStatus=RECRUITING&postFilter.advanced=AREA%5BStartDate%5D2025&aggFilters=status%3Arec,phase%3A3
2025-06-07 12:40:12,290 - __main__ - INFO - 响应状态码: 200
2025-06-07 12:40:12,291 - __main__ - INFO - 查询成功，返回 0 个结果
2025-06-07 12:40:12,291 - __main__ - INFO - 原词 '乳腺癌' 查询无结果，尝试翻译后重新查询
2025-06-07 12:40:12,291 - translator - INFO - 缓存命中: 你是一个专业的医学翻译专家。请将以下中文医学查询词翻译成英文，要求：1. 保持医学术语的准确性；2....
2025-06-07 12:40:12,291 - __main__ - INFO - 使用翻译器转换查询词: '乳腺癌' -> 'Breast Cancer'
2025-06-07 12:40:12,291 - __main__ - INFO - 使用翻译后的查询词重新搜索: 'Breast Cancer'
2025-06-07 12:40:12,291 - __main__ - INFO - 正在查询: Breast Cancer
2025-06-07 12:40:12,291 - __main__ - INFO - 请求URL: https://beta-ut.clinicaltrials.gov/api/v2/studies?format=json&markupFormat=markdown&query.cond=Breast+Cancer&countTotal=true&pageSize=50&filter.overallStatus=RECRUITING&postFilter.advanced=AREA%5BStartDate%5D2025&aggFilters=status%3Arec,phase%3A3
2025-06-07 12:40:12,837 - __main__ - INFO - 响应状态码: 200
2025-06-07 12:40:12,839 - __main__ - INFO - 查询成功，返回 13 个结果
2025-06-07 12:40:12,856 - __main__ - INFO - API响应数据已保存到 api_response.json
2025-06-07 12:40:12,856 - __main__ - INFO - 获取到 13 个试验
2025-06-07 12:40:12,857 - __main__ - INFO - 使用用户指定的首次发布日期过滤: 2025-01-01
2025-06-07 12:40:12,858 - __main__ - INFO - 日期过滤后剩余 10 个试验
2025-06-07 12:40:12,858 - __main__ - INFO - 开始对 10 个试验进行状态分组
2025-06-07 12:40:12,858 - __main__ - INFO - 试验 1/10: NCT06841354, 状态: 'RECRUITING' -> 'RECRUITING'
2025-06-07 12:40:12,858 - __main__ - INFO -   -> 分组到: 招募中
2025-06-07 12:40:12,858 - __main__ - INFO - 试验 2/10: NCT06957886, 状态: 'RECRUITING' -> 'RECRUITING'
2025-06-07 12:40:12,858 - __main__ - INFO -   -> 分组到: 招募中
2025-06-07 12:40:12,858 - __main__ - INFO - 试验 3/10: NCT06977893, 状态: 'RECRUITING' -> 'RECRUITING'
2025-06-07 12:40:12,858 - __main__ - INFO -   -> 分组到: 招募中
2025-06-07 12:40:12,858 - __main__ - INFO - 试验 4/10: NCT06764186, 状态: 'RECRUITING' -> 'RECRUITING'
2025-06-07 12:40:12,858 - __main__ - INFO -   -> 分组到: 招募中
2025-06-07 12:40:12,858 - __main__ - INFO - 试验 5/10: NCT06915857, 状态: 'RECRUITING' -> 'RECRUITING'
2025-06-07 12:40:12,858 - __main__ - INFO -   -> 分组到: 招募中
2025-06-07 12:40:12,858 - __main__ - INFO - 试验 6/10: NCT06913777, 状态: 'RECRUITING' -> 'RECRUITING'
2025-06-07 12:40:12,858 - __main__ - INFO -   -> 分组到: 招募中
2025-06-07 12:40:12,858 - __main__ - INFO - 试验 7/10: NCT06790693, 状态: 'RECRUITING' -> 'RECRUITING'
2025-06-07 12:40:12,858 - __main__ - INFO -   -> 分组到: 招募中
2025-06-07 12:40:12,858 - __main__ - INFO - 试验 8/10: NCT06760637, 状态: 'RECRUITING' -> 'RECRUITING'
2025-06-07 12:40:12,858 - __main__ - INFO -   -> 分组到: 招募中
2025-06-07 12:40:12,858 - __main__ - INFO - 试验 9/10: NCT06846437, 状态: 'RECRUITING' -> 'RECRUITING'
2025-06-07 12:40:12,858 - __main__ - INFO -   -> 分组到: 招募中
2025-06-07 12:40:12,858 - __main__ - INFO - 试验 10/10: NCT06947330, 状态: 'RECRUITING' -> 'RECRUITING'
2025-06-07 12:40:12,858 - __main__ - INFO -   -> 分组到: 招募中
2025-06-07 12:40:12,858 - __main__ - INFO - 试验分组结果: 招募中=10, 活跃=0, 其他=0
2025-06-07 12:40:12,858 - __main__ - INFO - 开始生成试验列表内容
2025-06-07 12:40:12,858 - __main__ - INFO - 添加 10 个招募中的试验
2025-06-07 12:40:12,858 - __main__ - INFO - 格式化招募中试验 1/10
2025-06-07 12:40:12,858 - translator - INFO - 缓存命中: A Study of Sacituzumab Tirumotecan (Sac-TMT, MK-28...
2025-06-07 12:40:12,859 - translator - INFO - 缓存命中: A Phase 3, Randomized, Open-label Study Comparing ...
2025-06-07 12:40:12,859 - translator - INFO - 缓存命中: Triple Negative Breast Neoplasms...
2025-06-07 12:40:12,859 - translator - INFO - 缓存命中: Sacituzumab tirumotecan, Pembrolizumab, Rescue Med...
2025-06-07 12:40:12,859 - translator - INFO - 缓存命中: BIOLOGICAL, BIOLOGICAL, DRUG, DRUG, DRUG, DRUG, DR...
2025-06-07 12:40:12,859 - __main__ - INFO - 试验内容长度: 1947 字符
2025-06-07 12:40:12,859 - __main__ - INFO - 格式化招募中试验 2/10
2025-06-07 12:40:12,859 - translator - INFO - 缓存命中: A Study of BL-M07D1 Versus Investigator's Choice o...
2025-06-07 12:40:12,859 - translator - INFO - 缓存命中: A Randomized, Controlled Phase III Study of BL-M07...
2025-06-07 12:40:12,859 - translator - INFO - 缓存命中: HER2-low Breast Cancer...
2025-06-07 12:40:12,859 - translator - INFO - 缓存命中: BL-M07D1, Capecitabine, Eribulin, Gemcitabine, Pac...
2025-06-07 12:40:12,859 - translator - INFO - 缓存命中: DRUG, DRUG...
2025-06-07 12:40:12,859 - __main__ - WARNING - 检测到异常翻译结果，跳过: 原文='DRUG, DRUG', 翻译长度=156
2025-06-07 12:40:12,859 - __main__ - INFO - 试验内容长度: 1142 字符
2025-06-07 12:40:12,859 - __main__ - INFO - 格式化招募中试验 3/10
2025-06-07 12:40:12,859 - translator - INFO - 缓存命中: Neoadjuvant Chemotherapy in Combination With Torip...
2025-06-07 12:40:12,859 - translator - INFO - 缓存命中: Neoadjuvant Chemotherapy in Combination With Torip...
2025-06-07 12:40:12,859 - translator - INFO - 缓存命中: HR+/HER2- Breast Cancer...
2025-06-07 12:40:12,859 - translator - INFO - 缓存命中: Neoadjuvant Chemotherapy in Combination with Torip...
2025-06-07 12:40:12,859 - translator - INFO - 缓存命中: DRUG, DRUG...
2025-06-07 12:40:12,859 - __main__ - WARNING - 检测到异常翻译结果，跳过: 原文='DRUG, DRUG', 翻译长度=156
2025-06-07 12:40:12,859 - __main__ - INFO - 试验内容长度: 1395 字符
2025-06-07 12:40:12,859 - __main__ - INFO - 格式化招募中试验 4/10
2025-06-07 12:40:12,859 - translator - INFO - 缓存命中: A Phase IIIB Study to Evaluate the Use of Capivase...
2025-06-07 12:40:12,859 - translator - INFO - 缓存命中: A Phase IIIB Study to Evaluate the Use of Capivase...
2025-06-07 12:40:12,859 - translator - INFO - 缓存命中: Locally Advanced or Metastatic Breast Cancer...
2025-06-07 12:40:12,859 - translator - INFO - 缓存命中: Fulvestrant, Capivasertib...
2025-06-07 12:40:12,859 - translator - INFO - 缓存命中: DRUG, DRUG...
2025-06-07 12:40:12,859 - __main__ - WARNING - 检测到异常翻译结果，跳过: 原文='DRUG, DRUG', 翻译长度=156
2025-06-07 12:40:12,859 - __main__ - INFO - 试验内容长度: 1309 字符
2025-06-07 12:40:12,859 - __main__ - INFO - 格式化招募中试验 5/10
2025-06-07 12:40:12,859 - translator - INFO - 缓存命中: Topical Betamethasone Versus Moisturizer in Preven...
2025-06-07 12:40:12,860 - translator - INFO - 缓存命中: A Topical Betamethasone Versus Moisturizer in Prev...
2025-06-07 12:40:12,860 - translator - INFO - 缓存命中: Breast Cancer, Radiation Dermatitis...
2025-06-07 12:40:12,860 - translator - INFO - 缓存命中: Topical Betamethasone...
2025-06-07 12:40:12,860 - translator - INFO - 缓存命中: DEVICE...
2025-06-07 12:40:12,860 - __main__ - WARNING - 检测到异常翻译结果，跳过: 原文='DEVICE', 翻译长度=962
2025-06-07 12:40:12,860 - __main__ - INFO - 试验内容长度: 1010 字符
2025-06-07 12:40:12,860 - __main__ - INFO - 格式化招募中试验 6/10
2025-06-07 12:40:12,860 - translator - INFO - 缓存命中: Neoadjuvant SNF Precision Therapy Phase III...
2025-06-07 12:40:12,860 - translator - INFO - 缓存命中: An Open-Label, Multicenter, Randomized Controlled ...
2025-06-07 12:40:12,860 - translator - INFO - 缓存命中: Neoadjuvant Therapy...
2025-06-07 12:40:12,860 - translator - INFO - 缓存命中: Targeted therapy agents: SNF2 -adebrelimab + famit...
2025-06-07 12:40:12,860 - translator - INFO - 缓存命中: DRUG, DRUG...
2025-06-07 12:40:12,860 - __main__ - WARNING - 检测到异常翻译结果，跳过: 原文='DRUG, DRUG', 翻译长度=156
2025-06-07 12:40:12,860 - __main__ - INFO - 试验内容长度: 1082 字符
2025-06-07 12:40:12,860 - __main__ - INFO - 格式化招募中试验 7/10
2025-06-07 12:40:15,208 - translator - INFO - 缓存已保存: A Study Evaluating the Efficacy and Safety of Inav...
2025-06-07 12:40:18,695 - translator - INFO - 缓存已保存: A Phase III, Multicenter, Randomized, Double-Blind...
2025-06-07 12:40:18,695 - translator - INFO - 缓存命中: Breast Cancer...
2025-06-07 12:40:21,274 - translator - INFO - 缓存已保存: Inavolisib, Placebo, CDK4/6i, Letrozole...
2025-06-07 12:40:21,274 - translator - INFO - 缓存命中: DRUG, DRUG, DRUG, DRUG...
2025-06-07 12:40:21,274 - __main__ - INFO - 试验内容长度: 1645 字符
2025-06-07 12:40:21,274 - __main__ - INFO - 格式化招募中试验 8/10
2025-06-07 12:40:23,077 - translator - INFO - 缓存已保存: Study of PF-07220060 With Letrozole in Adults With...
2025-06-07 12:40:26,681 - translator - INFO - 缓存已保存: AN INTERVENTIONAL, OPEN-LABEL, RANDOMIZED, MULTICE...
2025-06-07 12:40:26,682 - translator - INFO - 缓存命中: Breast Cancer...
2025-06-07 12:40:28,213 - translator - INFO - 缓存已保存: PF-07220060, letrozole, abemaciclib, palbociclib, ...
2025-06-07 12:40:28,213 - translator - INFO - 缓存命中: DRUG, DRUG, DRUG, DRUG, DRUG...
2025-06-07 12:40:28,213 - __main__ - INFO - 试验内容长度: 1567 字符
2025-06-07 12:40:28,213 - __main__ - INFO - 格式化招募中试验 9/10
2025-06-07 12:40:30,942 - translator - INFO - 缓存已保存: JSKN003 Versus Trastuzumab Emtansine (T-DM1) for H...
2025-06-07 12:40:33,183 - translator - INFO - 缓存已保存: A Randomized, Controlled, Open-Label, Multicenter,...
2025-06-07 12:40:34,419 - translator - INFO - 缓存已保存: Unrespectable Locally Advanced and or Metastatic H...
2025-06-07 12:40:35,837 - translator - INFO - 缓存已保存: JSKN003, Trastuzumab emtansine (T-DM1)...
2025-06-07 12:40:35,837 - translator - INFO - 缓存命中: DRUG, DRUG...
2025-06-07 12:40:35,837 - __main__ - WARNING - 检测到异常翻译结果，跳过: 原文='DRUG, DRUG', 翻译长度=156
2025-06-07 12:40:35,837 - __main__ - INFO - 试验内容长度: 1116 字符
2025-06-07 12:40:35,837 - __main__ - INFO - 格式化招募中试验 10/10
2025-06-07 12:40:37,459 - translator - INFO - 缓存已保存: Comparison Between Erector Spinae Plane Block Vers...
2025-06-07 12:40:39,473 - translator - INFO - 缓存已保存: Comparison Between Ultrasound Guided Erector Spina...
2025-06-07 12:40:40,400 - translator - INFO - 缓存已保存: Modified Radical Mastectomy, Breast Cancer...
2025-06-07 12:40:41,761 - translator - INFO - 缓存已保存: Unilateral Erector Spinae group, Unilateral Serrat...
2025-06-07 12:40:43,331 - translator - INFO - 缓存已保存: PROCEDURE, PROCEDURE...
2025-06-07 12:40:43,331 - __main__ - INFO - 试验内容长度: 1118 字符
2025-06-07 12:40:43,331 - __main__ - INFO - 最终内容总长度: 13509 字符
2025-06-07 12:40:43,332 - __main__ - INFO - 报告已保存到: 2025-06-07_乳腺癌_临床试验.md
2025-06-07 12:40:43,333 - __main__ - INFO - 程序执行完成，共找到 10 个符合条件的试验
2025-06-07 12:42:39,958 - __main__ - INFO - === 翻译修复功能测试 ===
2025-06-07 12:42:39,958 - __main__ - INFO - 开始测试翻译过滤功能...
2025-06-07 12:42:39,959 - translator - INFO - 医学翻译器初始化完成 - 提供商: zhipu, 模型: glm-4
2025-06-07 12:42:39,959 - pancreatic_cancer_trials_v2 - INFO - 翻译器初始化成功
2025-06-07 12:42:39,959 - __main__ - INFO - 测试单个医学术语翻译过滤:
2025-06-07 12:42:39,960 - pancreatic_cancer_trials_v2 - INFO - 跳过单个医学术语的翻译: DRUG
2025-06-07 12:42:39,960 - __main__ - INFO - ✅ 'DRUG' - 正确跳过翻译
2025-06-07 12:42:39,960 - pancreatic_cancer_trials_v2 - INFO - 跳过单个医学术语的翻译: DRUGS
2025-06-07 12:42:39,960 - __main__ - INFO - ✅ 'DRUGS' - 正确跳过翻译
2025-06-07 12:42:39,960 - pancreatic_cancer_trials_v2 - INFO - 跳过单个医学术语的翻译: MEDICATION
2025-06-07 12:42:39,960 - __main__ - INFO - ✅ 'MEDICATION' - 正确跳过翻译
2025-06-07 12:42:39,960 - pancreatic_cancer_trials_v2 - INFO - 跳过单个医学术语的翻译: THERAPY
2025-06-07 12:42:39,960 - __main__ - INFO - ✅ 'THERAPY' - 正确跳过翻译
2025-06-07 12:42:39,960 - pancreatic_cancer_trials_v2 - INFO - 跳过单个医学术语的翻译: TREATMENT
2025-06-07 12:42:39,960 - __main__ - INFO - ✅ 'TREATMENT' - 正确跳过翻译
2025-06-07 12:42:39,960 - pancreatic_cancer_trials_v2 - INFO - 跳过单个医学术语的翻译: STUDY
2025-06-07 12:42:39,960 - __main__ - INFO - ✅ 'STUDY' - 正确跳过翻译
2025-06-07 12:42:39,960 - pancreatic_cancer_trials_v2 - INFO - 跳过单个医学术语的翻译: TRIAL
2025-06-07 12:42:39,960 - __main__ - INFO - ✅ 'TRIAL' - 正确跳过翻译
2025-06-07 12:42:39,960 - pancreatic_cancer_trials_v2 - INFO - 跳过单个医学术语的翻译: CLINICAL
2025-06-07 12:42:39,960 - __main__ - INFO - ✅ 'CLINICAL' - 正确跳过翻译
2025-06-07 12:42:39,960 - __main__ - INFO - 
测试正常文本翻译:
2025-06-07 12:42:39,960 - translator - INFO - 缓存命中: Pancreatic Cancer...
2025-06-07 12:42:39,960 - __main__ - INFO - ✅ 'Pancreatic Cancer' -> '胰腺癌'
2025-06-07 12:42:40,602 - translator - INFO - 缓存已保存: Breast Cancer Treatment...
2025-06-07 12:42:40,602 - __main__ - INFO - ✅ 'Breast Cancer Treatment' -> '乳腺癌治疗'
2025-06-07 12:42:41,315 - translator - INFO - 缓存已保存: Clinical Trial for Advanced Cancer...
2025-06-07 12:42:41,315 - __main__ - INFO - ✅ 'Clinical Trial for Advanced Cancer' -> '晚期癌症临床试验'
2025-06-07 12:42:41,315 - __main__ - INFO - 
测试双语格式化:
2025-06-07 12:42:41,315 - __main__ - INFO - 'DRUG' + 'None' -> 'DRUG'
2025-06-07 12:42:41,315 - __main__ - INFO - 'Pancreatic Cancer' + '胰腺癌' -> '胰腺癌 (Pancreatic Cancer)'
2025-06-07 12:42:41,315 - __main__ - INFO - 'Short' + '短' -> '短 (Short)'
2025-06-07 12:42:41,315 - __main__ - INFO - 'Very long text that should be collapsed' + '非常长的文本应该被折叠显示以便于阅读和查看' -> '非常长的文本应该被折叠显示以便于阅读和查看 (Very long text that should be collapsed)'
2025-06-07 12:42:41,315 - __main__ - INFO - 
✅ 翻译过滤功能测试完成！
2025-06-07 12:42:41,315 - __main__ - INFO - 
🎉 所有测试通过！翻译过滤功能工作正常。
2025-06-07 12:43:15,179 - translator - INFO - 医学翻译器初始化完成 - 提供商: zhipu, 模型: glm-4
2025-06-07 12:43:15,180 - __main__ - INFO - 翻译器初始化成功
2025-06-07 12:43:15,180 - __main__ - INFO - 开始执行胰腺癌临床试验查询
2025-06-07 12:43:15,180 - __main__ - INFO - 正在查询: 胰腺癌
2025-06-07 12:43:15,180 - __main__ - INFO - 请求URL: https://beta-ut.clinicaltrials.gov/api/v2/studies?format=json&markupFormat=markdown&query.cond=%E8%83%B0%E8%85%BA%E7%99%8C&countTotal=true&pageSize=50&filter.overallStatus=RECRUITING&postFilter.advanced=AREA%5BStartDate%5D2025&aggFilters=status%3Arec,phase%3A3
2025-06-07 12:43:16,105 - __main__ - INFO - 响应状态码: 200
2025-06-07 12:43:16,105 - __main__ - INFO - 查询成功，返回 0 个结果
2025-06-07 12:43:16,106 - __main__ - INFO - 原词 '胰腺癌' 查询无结果，尝试翻译后重新查询
2025-06-07 12:43:16,106 - translator - INFO - 缓存命中: 你是一个专业的医学翻译专家。请将以下中文医学查询词翻译成英文，要求：1. 保持医学术语的准确性；2....
2025-06-07 12:43:16,106 - __main__ - INFO - 使用翻译器转换查询词: '胰腺癌' -> 'Pancreatic cancer'
2025-06-07 12:43:16,106 - __main__ - INFO - 使用翻译后的查询词重新搜索: 'Pancreatic cancer'
2025-06-07 12:43:16,106 - __main__ - INFO - 正在查询: Pancreatic cancer
2025-06-07 12:43:16,106 - __main__ - INFO - 请求URL: https://beta-ut.clinicaltrials.gov/api/v2/studies?format=json&markupFormat=markdown&query.cond=Pancreatic+cancer&countTotal=true&pageSize=50&filter.overallStatus=RECRUITING&postFilter.advanced=AREA%5BStartDate%5D2025&aggFilters=status%3Arec,phase%3A3
2025-06-07 12:43:17,058 - __main__ - INFO - 响应状态码: 200
2025-06-07 12:43:17,058 - __main__ - INFO - 查询成功，返回 6 个结果
2025-06-07 12:43:17,063 - __main__ - INFO - API响应数据已保存到 api_response.json
2025-06-07 12:43:17,063 - __main__ - INFO - 获取到 6 个试验
2025-06-07 12:43:17,064 - __main__ - INFO - 使用用户指定的首次发布日期过滤: 2025-01-01
2025-06-07 12:43:17,064 - __main__ - INFO - 日期过滤后剩余 3 个试验
2025-06-07 12:43:17,064 - __main__ - INFO - 开始对 3 个试验进行状态分组
2025-06-07 12:43:17,064 - __main__ - INFO - 试验 1/3: NCT06897644, 状态: 'RECRUITING' -> 'RECRUITING'
2025-06-07 12:43:17,064 - __main__ - INFO -   -> 分组到: 招募中
2025-06-07 12:43:17,065 - __main__ - INFO - 试验 2/3: NCT06881992, 状态: 'RECRUITING' -> 'RECRUITING'
2025-06-07 12:43:17,065 - __main__ - INFO -   -> 分组到: 招募中
2025-06-07 12:43:17,065 - __main__ - INFO - 试验 3/3: NCT06782412, 状态: 'RECRUITING' -> 'RECRUITING'
2025-06-07 12:43:17,065 - __main__ - INFO -   -> 分组到: 招募中
2025-06-07 12:43:17,065 - __main__ - INFO - 试验分组结果: 招募中=3, 活跃=0, 其他=0
2025-06-07 12:43:17,065 - __main__ - INFO - 开始生成试验列表内容
2025-06-07 12:43:17,065 - __main__ - INFO - 添加 3 个招募中的试验
2025-06-07 12:43:17,065 - __main__ - INFO - 格式化招募中试验 1/3
2025-06-07 12:43:19,405 - translator - INFO - 缓存已保存: Gemcitabine Plus Nab-paclitaxel as Switch Maintena...
2025-06-07 12:43:21,188 - translator - INFO - 缓存已保存: Gemcitabine Plus Nab-PAclitaxel as Switch maiNTEna...
2025-06-07 12:43:22,217 - translator - INFO - 缓存已保存: Pancreatic Adenocarcinoma Advanced or Metastatic...
2025-06-07 12:43:24,776 - translator - INFO - 缓存已保存: Oxaliplatin, Irinotecan (CPT-11), Leucovorin, 5-FU...
2025-06-07 12:43:26,467 - translator - INFO - 缓存已保存: DRUG, DRUG, DRUG, DRUG, DRUG, DRUG...
2025-06-07 12:43:26,468 - __main__ - INFO - 试验内容长度: 1540 字符
2025-06-07 12:43:26,468 - __main__ - INFO - 格式化招募中试验 2/3
2025-06-07 12:43:27,898 - translator - INFO - 缓存已保存: A Phase 3 Study of Ersodetug in Patients With Tumo...
2025-06-07 12:43:29,786 - translator - INFO - 缓存已保存: A Phase 3, Randomized, Double-Blind, Placebo-Contr...
2025-06-07 12:43:30,610 - translator - INFO - 缓存已保存: Tumor- Associated Hyperinsulinism...
2025-06-07 12:43:31,703 - translator - INFO - 缓存已保存: Ersodetug, Ersodetug, Placebo...
2025-06-07 12:43:31,703 - translator - INFO - 缓存命中: DRUG, DRUG, DRUG...
2025-06-07 12:43:31,703 - __main__ - INFO - 试验内容长度: 1061 字符
2025-06-07 12:43:31,703 - __main__ - INFO - 格式化招募中试验 3/3
2025-06-07 12:43:33,615 - translator - INFO - 缓存已保存: Multicenter Validation Trial of [18F]AlF-FAPI-74 f...
2025-06-07 12:43:33,615 - translator - INFO - 缓存命中: Multicenter Validation Trial of [18F]AlF-FAPI-74 f...
2025-06-07 12:43:35,132 - translator - INFO - 缓存已保存: Oesophageal Cancer, Gastric Cancer, Pancreatic Duc...
2025-06-07 12:43:36,245 - translator - INFO - 缓存已保存: [18F]AlF-FAPI-74 PET/CT...
2025-06-07 12:43:41,330 - translator - INFO - 缓存已保存: DIAGNOSTIC_TEST...
2025-06-07 12:43:41,330 - __main__ - WARNING - 检测到异常翻译结果，跳过: 原文='DIAGNOSTIC_TEST', 翻译长度=409
2025-06-07 12:43:41,330 - __main__ - INFO - 试验内容长度: 1300 字符
2025-06-07 12:43:41,331 - __main__ - INFO - 最终内容总长度: 4078 字符
2025-06-07 12:43:41,331 - __main__ - INFO - 报告已保存到: 2025-06-07_胰腺癌_临床试验.md
2025-06-07 12:43:41,331 - __main__ - INFO - 程序执行完成，共找到 3 个符合条件的试验
2025-06-07 12:48:18,859 - translator - INFO - 医学翻译器初始化完成 - 提供商: zhipu, 模型: glm-4
2025-06-07 12:48:18,860 - __main__ - INFO - 翻译器初始化成功
2025-06-07 12:48:18,860 - __main__ - INFO - 开始执行胰腺癌临床试验查询
2025-06-07 12:48:18,860 - __main__ - INFO - 正在查询: 胰腺癌
2025-06-07 12:48:18,860 - __main__ - INFO - 请求URL: https://beta-ut.clinicaltrials.gov/api/v2/studies?format=json&markupFormat=markdown&query.cond=%E8%83%B0%E8%85%BA%E7%99%8C&countTotal=true&pageSize=50&filter.overallStatus=RECRUITING&query.locn=china&postFilter.advanced=AREA%5BStartDate%5D2025&aggFilters=status%3Arec,phase%3A3
2025-06-07 12:48:19,401 - __main__ - INFO - 响应状态码: 200
2025-06-07 12:48:19,402 - __main__ - INFO - 查询成功，返回 0 个结果
2025-06-07 12:48:19,402 - __main__ - INFO - 原词 '胰腺癌' 查询无结果，尝试翻译后重新查询
2025-06-07 12:48:19,403 - translator - INFO - 缓存命中: 你是一个专业的医学翻译专家。请将以下中文医学查询词翻译成英文，要求：1. 保持医学术语的准确性；2....
2025-06-07 12:48:19,403 - __main__ - INFO - 使用翻译器转换查询词: '胰腺癌' -> 'Pancreatic cancer'
2025-06-07 12:48:19,403 - __main__ - INFO - 使用翻译后的查询词重新搜索: 'Pancreatic cancer'
2025-06-07 12:48:19,403 - __main__ - INFO - 正在查询: Pancreatic cancer
2025-06-07 12:48:19,403 - __main__ - INFO - 请求URL: https://beta-ut.clinicaltrials.gov/api/v2/studies?format=json&markupFormat=markdown&query.cond=Pancreatic+cancer&countTotal=true&pageSize=50&filter.overallStatus=RECRUITING&query.locn=china&postFilter.advanced=AREA%5BStartDate%5D2025&aggFilters=status%3Arec,phase%3A3
2025-06-07 12:48:19,818 - __main__ - INFO - 响应状态码: 200
2025-06-07 12:48:19,818 - __main__ - INFO - 查询成功，返回 1 个结果
2025-06-07 12:48:19,820 - __main__ - INFO - API响应数据已保存到 api_response.json
2025-06-07 12:48:19,820 - __main__ - INFO - 获取到 1 个试验
2025-06-07 12:48:19,821 - __main__ - INFO - 使用用户指定的首次发布日期过滤: 2025-01-01
2025-06-07 12:48:19,822 - __main__ - INFO - 日期过滤后剩余 0 个试验
2025-06-07 12:48:19,822 - __main__ - INFO - 开始对 0 个试验进行状态分组
2025-06-07 12:48:19,822 - __main__ - INFO - 试验分组结果: 招募中=0, 活跃=0, 其他=0
2025-06-07 12:48:19,822 - __main__ - INFO - 开始生成试验列表内容
2025-06-07 12:48:19,822 - __main__ - INFO - 添加了'暂无试验'的内容
2025-06-07 12:48:19,822 - __main__ - INFO - 最终内容总长度: 205 字符
2025-06-07 12:48:19,822 - __main__ - INFO - 报告已保存到: 2025-06-07_胰腺癌_临床试验.md
2025-06-07 12:48:19,822 - __main__ - INFO - 程序执行完成，共找到 0 个符合条件的试验
2025-06-07 12:51:17,629 - translator - INFO - 医学翻译器初始化完成 - 提供商: zhipu, 模型: glm-4
2025-06-07 12:51:17,629 - pancreatic_cancer_trials_v2 - INFO - 翻译器初始化成功
2025-06-07 12:51:19,463 - translator - INFO - 医学翻译器初始化完成 - 提供商: zhipu, 模型: glm-4
2025-06-07 12:51:19,463 - pancreatic_cancer_trials_v2 - INFO - 翻译器初始化成功
2025-06-07 12:51:19,463 - pancreatic_cancer_trials_v2 - INFO - 正在查询: pancreatic cancer
2025-06-07 12:51:19,464 - pancreatic_cancer_trials_v2 - INFO - 请求URL: https://beta-ut.clinicaltrials.gov/api/v2/studies?format=json&markupFormat=markdown&query.cond=pancreatic+cancer&countTotal=true&pageSize=50&filter.overallStatus=RECRUITING&query.locn=china&postFilter.advanced=AREA%5BStartDate%5D2025&aggFilters=status%3Arec,phase%3A2+1
2025-06-07 12:51:20,181 - pancreatic_cancer_trials_v2 - INFO - 响应状态码: 200
2025-06-07 12:51:20,182 - pancreatic_cancer_trials_v2 - INFO - 查询成功，返回 12 个结果
2025-06-07 12:51:20,182 - pancreatic_cancer_trials_v2 - INFO - 正在查询: PDAC
2025-06-07 12:51:20,182 - pancreatic_cancer_trials_v2 - INFO - 请求URL: https://beta-ut.clinicaltrials.gov/api/v2/studies?format=json&markupFormat=markdown&query.cond=PDAC&countTotal=true&pageSize=50&filter.overallStatus=RECRUITING&query.locn=united+states&aggFilters=status%3Arec,phase%3A4+3+2+1
2025-06-07 12:51:20,737 - pancreatic_cancer_trials_v2 - INFO - 响应状态码: 200
2025-06-07 12:51:20,741 - pancreatic_cancer_trials_v2 - INFO - 查询成功，返回 43 个结果
2025-06-07 12:51:57,941 - translator - INFO - 医学翻译器初始化完成 - 提供商: zhipu, 模型: glm-4
2025-06-07 12:51:57,942 - pancreatic_cancer_trials_v2 - INFO - 翻译器初始化成功
2025-06-07 12:52:52,673 - translator - INFO - 医学翻译器初始化完成 - 提供商: zhipu, 模型: glm-4
2025-06-07 12:52:52,673 - __main__ - INFO - 翻译器初始化成功
2025-06-07 12:52:52,673 - __main__ - INFO - 开始执行胰腺癌临床试验查询
2025-06-07 12:52:52,673 - __main__ - INFO - 正在查询: 乳腺癌
2025-06-07 12:52:52,674 - __main__ - INFO - 请求URL: https://beta-ut.clinicaltrials.gov/api/v2/studies?format=json&markupFormat=markdown&query.cond=%E4%B9%B3%E8%85%BA%E7%99%8C&countTotal=true&pageSize=50&filter.overallStatus=RECRUITING&query.locn=china&postFilter.advanced=AREA%5BStartDate%5D2025&aggFilters=status%3Arec,phase%3A4+3+2+1
2025-06-07 12:52:53,173 - __main__ - INFO - 响应状态码: 200
2025-06-07 12:52:53,173 - __main__ - INFO - 查询成功，返回 0 个结果
2025-06-07 12:52:53,173 - __main__ - INFO - 原词 '乳腺癌' 查询无结果，尝试翻译后重新查询
2025-06-07 12:52:53,173 - translator - INFO - 缓存命中: 你是一个专业的医学翻译专家。请将以下中文医学查询词翻译成英文，要求：1. 保持医学术语的准确性；2....
2025-06-07 12:52:53,173 - __main__ - INFO - 使用翻译器转换查询词: '乳腺癌' -> 'Breast Cancer'
2025-06-07 12:52:53,173 - __main__ - INFO - 使用翻译后的查询词重新搜索: 'Breast Cancer'
2025-06-07 12:52:53,173 - __main__ - INFO - 正在查询: Breast Cancer
2025-06-07 12:52:53,173 - __main__ - INFO - 请求URL: https://beta-ut.clinicaltrials.gov/api/v2/studies?format=json&markupFormat=markdown&query.cond=Breast+Cancer&countTotal=true&pageSize=50&filter.overallStatus=RECRUITING&query.locn=china&postFilter.advanced=AREA%5BStartDate%5D2025&aggFilters=status%3Arec,phase%3A4+3+2+1
2025-06-07 12:52:54,022 - __main__ - INFO - 响应状态码: 200
2025-06-07 12:52:54,024 - __main__ - INFO - 查询成功，返回 25 个结果
2025-06-07 12:52:54,038 - __main__ - INFO - API响应数据已保存到 api_response.json
2025-06-07 12:52:54,039 - __main__ - INFO - 获取到 25 个试验
2025-06-07 12:52:54,040 - __main__ - INFO - 使用用户指定的首次发布日期过滤: 2025-01-01
2025-06-07 12:52:54,040 - __main__ - INFO - 日期过滤后剩余 20 个试验
2025-06-07 12:52:54,040 - __main__ - INFO - 开始对 20 个试验进行状态分组
2025-06-07 12:52:54,040 - __main__ - INFO - 试验 1/20: NCT06907043, 状态: 'RECRUITING' -> 'RECRUITING'
2025-06-07 12:52:54,040 - __main__ - INFO -   -> 分组到: 招募中
2025-06-07 12:52:54,040 - __main__ - INFO - 试验 2/20: NCT06760819, 状态: 'RECRUITING' -> 'RECRUITING'
2025-06-07 12:52:54,040 - __main__ - INFO -   -> 分组到: 招募中
2025-06-07 12:52:54,040 - __main__ - INFO - 试验 3/20: NCT06811870, 状态: 'RECRUITING' -> 'RECRUITING'
2025-06-07 12:52:54,040 - __main__ - INFO -   -> 分组到: 招募中
2025-06-07 12:52:54,040 - __main__ - INFO - 试验 4/20: NCT06847555, 状态: 'RECRUITING' -> 'RECRUITING'
2025-06-07 12:52:54,040 - __main__ - INFO -   -> 分组到: 招募中
2025-06-07 12:52:54,040 - __main__ - INFO - 试验 5/20: NCT06957886, 状态: 'RECRUITING' -> 'RECRUITING'
2025-06-07 12:52:54,040 - __main__ - INFO -   -> 分组到: 招募中
2025-06-07 12:52:54,040 - __main__ - INFO - 试验 6/20: NCT06840821, 状态: 'RECRUITING' -> 'RECRUITING'
2025-06-07 12:52:54,040 - __main__ - INFO -   -> 分组到: 招募中
2025-06-07 12:52:54,040 - __main__ - INFO - 试验 7/20: NCT06756932, 状态: 'RECRUITING' -> 'RECRUITING'
2025-06-07 12:52:54,041 - __main__ - INFO -   -> 分组到: 招募中
2025-06-07 12:52:54,041 - __main__ - INFO - 试验 8/20: NCT06977893, 状态: 'RECRUITING' -> 'RECRUITING'
2025-06-07 12:52:54,041 - __main__ - INFO -   -> 分组到: 招募中
2025-06-07 12:52:54,041 - __main__ - INFO - 试验 9/20: NCT06900647, 状态: 'RECRUITING' -> 'RECRUITING'
2025-06-07 12:52:54,041 - __main__ - INFO -   -> 分组到: 招募中
2025-06-07 12:52:54,041 - __main__ - INFO - 试验 10/20: NCT06851442, 状态: 'RECRUITING' -> 'RECRUITING'
2025-06-07 12:52:54,041 - __main__ - INFO -   -> 分组到: 招募中
2025-06-07 12:52:54,041 - __main__ - INFO - 试验 11/20: NCT06913777, 状态: 'RECRUITING' -> 'RECRUITING'
2025-06-07 12:52:54,041 - __main__ - INFO -   -> 分组到: 招募中
2025-06-07 12:52:54,041 - __main__ - INFO - 试验 12/20: NCT06993714, 状态: 'RECRUITING' -> 'RECRUITING'
2025-06-07 12:52:54,041 - __main__ - INFO -   -> 分组到: 招募中
2025-06-07 12:52:54,041 - __main__ - INFO - 试验 13/20: NCT06802757, 状态: 'RECRUITING' -> 'RECRUITING'
2025-06-07 12:52:54,041 - __main__ - INFO -   -> 分组到: 招募中
2025-06-07 12:52:54,041 - __main__ - INFO - 试验 14/20: NCT06790693, 状态: 'RECRUITING' -> 'RECRUITING'
2025-06-07 12:52:54,041 - __main__ - INFO -   -> 分组到: 招募中
2025-06-07 12:52:54,041 - __main__ - INFO - 试验 15/20: NCT06760637, 状态: 'RECRUITING' -> 'RECRUITING'
2025-06-07 12:52:54,041 - __main__ - INFO -   -> 分组到: 招募中
2025-06-07 12:52:54,041 - __main__ - INFO - 试验 16/20: NCT06964906, 状态: 'RECRUITING' -> 'RECRUITING'
2025-06-07 12:52:54,041 - __main__ - INFO -   -> 分组到: 招募中
2025-06-07 12:52:54,041 - __main__ - INFO - 试验 17/20: NCT06851299, 状态: 'RECRUITING' -> 'RECRUITING'
2025-06-07 12:52:54,041 - __main__ - INFO -   -> 分组到: 招募中
2025-06-07 12:52:54,041 - __main__ - INFO - 试验 18/20: NCT06992336, 状态: 'RECRUITING' -> 'RECRUITING'
2025-06-07 12:52:54,041 - __main__ - INFO -   -> 分组到: 招募中
2025-06-07 12:52:54,041 - __main__ - INFO - 试验 19/20: NCT06769425, 状态: 'RECRUITING' -> 'RECRUITING'
2025-06-07 12:52:54,041 - __main__ - INFO -   -> 分组到: 招募中
2025-06-07 12:52:54,041 - __main__ - INFO - 试验 20/20: NCT06846437, 状态: 'RECRUITING' -> 'RECRUITING'
2025-06-07 12:52:54,041 - __main__ - INFO -   -> 分组到: 招募中
2025-06-07 12:52:54,041 - __main__ - INFO - 试验分组结果: 招募中=20, 活跃=0, 其他=0
2025-06-07 12:52:54,041 - __main__ - INFO - 开始生成试验列表内容
2025-06-07 12:52:54,041 - __main__ - INFO - 添加 20 个招募中的试验
2025-06-07 12:52:54,041 - __main__ - INFO - 格式化招募中试验 1/20
2025-06-07 12:52:54,041 - translator - INFO - 缓存命中: A Study of PARP1 Selective Inhibitor, EIK1004 (IMP...
2025-06-07 12:52:54,041 - translator - INFO - 缓存命中: A Phase 1/2, Open-label, Multicenter, Dose-escalat...
2025-06-07 12:52:54,041 - translator - INFO - 缓存命中: Advanced Solid Tumors...
2025-06-07 12:52:54,041 - translator - INFO - 缓存命中: EIK1004-001 (IMP1707-001)...
2025-06-07 12:52:54,041 - __main__ - INFO - 跳过单个医学术语的翻译: DRUG
2025-06-07 12:52:54,041 - __main__ - INFO - 试验内容长度: 1111 字符
2025-06-07 12:52:54,041 - __main__ - INFO - 格式化招募中试验 2/20
2025-06-07 12:52:54,041 - translator - INFO - 缓存命中: A Study to Learn More About How Well Treatment Wit...
2025-06-07 12:52:54,041 - translator - INFO - 缓存命中: A Phase 2 Open-label Basket Study to Evaluate the ...
2025-06-07 12:52:54,041 - translator - INFO - 缓存命中: Advanced Solid Tumors, HER2 Mutation...
2025-06-07 12:52:54,041 - translator - INFO - 缓存命中: BAY2927088...
2025-06-07 12:52:54,041 - __main__ - INFO - 跳过单个医学术语的翻译: DRUG
2025-06-07 12:52:54,042 - __main__ - INFO - 试验内容长度: 1393 字符
2025-06-07 12:52:54,042 - __main__ - INFO - 格式化招募中试验 3/20
2025-06-07 12:52:54,042 - translator - INFO - 缓存命中: A Phase II Single-Arm Clinical Study to Explore th...
2025-06-07 12:52:54,042 - translator - INFO - 缓存命中: A Phase II Single-Arm Clinical Study to Explore th...
2025-06-07 12:52:54,042 - translator - INFO - 缓存命中: Breast Cancers...
2025-06-07 12:52:54,042 - translator - INFO - 缓存命中: hyperbaric oxygen treatment...
2025-06-07 12:52:54,042 - translator - INFO - 缓存命中: DEVICE...
2025-06-07 12:52:54,042 - __main__ - WARNING - 检测到异常翻译结果，跳过: 原文='DEVICE', 翻译长度=962
2025-06-07 12:52:54,042 - __main__ - INFO - 试验内容长度: 1078 字符
2025-06-07 12:52:54,042 - __main__ - INFO - 格式化招募中试验 4/20
2025-06-07 12:52:54,042 - translator - INFO - 缓存命中: Phase I-II Clinical Study of Taurine for External ...
2025-06-07 12:52:54,042 - translator - INFO - 缓存命中: Phase I-II Clinical Study of Taurine for External ...
2025-06-07 12:52:54,042 - translator - INFO - 缓存命中: To Evaluate the Safety of Taurine in Preventing Ac...
2025-06-07 12:52:54,042 - translator - INFO - 缓存命中: Radiation...
2025-06-07 12:52:54,042 - translator - INFO - 缓存命中: RADIATION...
2025-06-07 12:52:54,042 - __main__ - INFO - 试验内容长度: 1029 字符
2025-06-07 12:52:54,042 - __main__ - INFO - 格式化招募中试验 5/20
2025-06-07 12:52:54,042 - translator - INFO - 缓存命中: A Study of BL-M07D1 Versus Investigator's Choice o...
2025-06-07 12:52:54,042 - translator - INFO - 缓存命中: A Randomized, Controlled Phase III Study of BL-M07...
2025-06-07 12:52:54,042 - translator - INFO - 缓存命中: HER2-low Breast Cancer...
2025-06-07 12:52:54,042 - translator - INFO - 缓存命中: BL-M07D1, Capecitabine, Eribulin, Gemcitabine, Pac...
2025-06-07 12:52:54,042 - translator - INFO - 缓存命中: DRUG, DRUG...
2025-06-07 12:52:54,042 - __main__ - WARNING - 检测到异常翻译结果，跳过: 原文='DRUG, DRUG', 翻译长度=156
2025-06-07 12:52:54,042 - __main__ - INFO - 试验内容长度: 1178 字符
2025-06-07 12:52:54,042 - __main__ - INFO - 格式化招募中试验 6/20
2025-06-07 12:52:54,042 - translator - INFO - 缓存命中: Evaluating the Safety, Tolerability, and Prelimina...
2025-06-07 12:52:54,042 - translator - INFO - 缓存命中: A Phase I/II, Multicenter, Open-label, Single-arm,...
2025-06-07 12:52:54,042 - translator - INFO - 缓存命中: Advanced Solid Tumors...
2025-06-07 12:52:54,042 - translator - INFO - 缓存命中: MB0151 for injection...
2025-06-07 12:52:54,042 - __main__ - INFO - 跳过单个医学术语的翻译: DRUG
2025-06-07 12:52:54,042 - __main__ - INFO - 试验内容长度: 1340 字符
2025-06-07 12:52:54,042 - __main__ - INFO - 格式化招募中试验 7/20
2025-06-07 12:52:54,042 - translator - INFO - 缓存命中: BGB-21447 (Bcl-2 Inhibitor) Combinations for Adult...
2025-06-07 12:52:54,042 - translator - INFO - 缓存命中: A Phase 1 Study to Investigate the Safety, Tolerab...
2025-06-07 12:52:54,042 - translator - INFO - 缓存命中: Hormone-receptor-positive Breast Cancer, HER2-nega...
2025-06-07 12:52:54,042 - translator - INFO - 缓存命中: BGB-21447, Fulvestrant, BGB-43395...
2025-06-07 12:52:54,042 - translator - INFO - 缓存命中: DRUG, DRUG, DRUG...
2025-06-07 12:52:54,042 - __main__ - INFO - 试验内容长度: 1426 字符
2025-06-07 12:52:54,042 - __main__ - INFO - 格式化招募中试验 8/20
2025-06-07 12:52:54,042 - translator - INFO - 缓存命中: Neoadjuvant Chemotherapy in Combination With Torip...
2025-06-07 12:52:54,043 - translator - INFO - 缓存命中: Neoadjuvant Chemotherapy in Combination With Torip...
2025-06-07 12:52:54,043 - translator - INFO - 缓存命中: HR+/HER2- Breast Cancer...
2025-06-07 12:52:54,043 - translator - INFO - 缓存命中: Neoadjuvant Chemotherapy in Combination with Torip...
2025-06-07 12:52:54,043 - translator - INFO - 缓存命中: DRUG, DRUG...
2025-06-07 12:52:54,043 - __main__ - WARNING - 检测到异常翻译结果，跳过: 原文='DRUG, DRUG', 翻译长度=156
2025-06-07 12:52:54,043 - __main__ - INFO - 试验内容长度: 1439 字符
2025-06-07 12:52:54,043 - __main__ - INFO - 格式化招募中试验 9/20
2025-06-07 12:52:54,043 - translator - INFO - 缓存命中: Bortezomib Plus Cisplatin in Recurrent or Metastat...
2025-06-07 12:52:54,043 - translator - INFO - 缓存命中: Phase I Study to Evaluate the Safety and Prelimina...
2025-06-07 12:52:54,043 - translator - INFO - 缓存命中: Metastatic Breast Cancer, Recurrent Breast Cancer...
2025-06-07 12:52:54,043 - translator - INFO - 缓存命中: Bortezomib (B), Cisplatin (CDDP), Bortezomib (B), ...
2025-06-07 12:52:54,043 - translator - INFO - 缓存命中: DRUG, DRUG, DRUG, DRUG, DRUG...
2025-06-07 12:52:54,043 - __main__ - INFO - 试验内容长度: 1074 字符
2025-06-07 12:52:54,043 - __main__ - INFO - 格式化招募中试验 10/20
2025-06-07 12:52:54,043 - translator - INFO - 缓存命中: Clinical Trial of Evaluating TQB3912 Tablets Combi...
2025-06-07 12:52:54,043 - translator - INFO - 缓存命中: A Phase Ib/II Clinical Trial to Evaluate the Effic...
2025-06-07 12:52:54,043 - translator - INFO - 缓存命中: Breast Cancer...
2025-06-07 12:52:54,043 - translator - INFO - 缓存命中: TQB3912 tablets in combination with fulvestrant in...
2025-06-07 12:52:54,043 - __main__ - INFO - 跳过单个医学术语的翻译: DRUG
2025-06-07 12:52:54,043 - __main__ - INFO - 试验内容长度: 1475 字符
2025-06-07 12:52:54,043 - __main__ - INFO - 格式化招募中试验 11/20
2025-06-07 12:52:54,043 - translator - INFO - 缓存命中: Neoadjuvant SNF Precision Therapy Phase III...
2025-06-07 12:52:54,043 - translator - INFO - 缓存命中: An Open-Label, Multicenter, Randomized Controlled ...
2025-06-07 12:52:54,043 - translator - INFO - 缓存命中: Neoadjuvant Therapy...
2025-06-07 12:52:54,043 - translator - INFO - 缓存命中: Targeted therapy agents: SNF2 -adebrelimab + famit...
2025-06-07 12:52:54,043 - translator - INFO - 缓存命中: DRUG, DRUG...
2025-06-07 12:52:54,043 - __main__ - WARNING - 检测到异常翻译结果，跳过: 原文='DRUG, DRUG', 翻译长度=156
2025-06-07 12:52:54,043 - __main__ - INFO - 试验内容长度: 1130 字符
2025-06-07 12:52:54,043 - __main__ - INFO - 格式化招募中试验 12/20
2025-06-07 12:52:55,133 - translator - INFO - 缓存已保存: 3D-printed Biodegradable Breast Implants for Breas...
2025-06-07 12:52:56,505 - translator - INFO - 缓存已保存: A Prospective, Multicenter, Controlled Clinical St...
2025-06-07 12:52:57,504 - translator - INFO - 缓存已保存: Breast Cancer, Breast Reconstruction...
2025-06-07 12:53:00,024 - translator - INFO - 缓存已保存: Breast restoration surgery based on 3D printed deg...
2025-06-07 12:53:02,310 - translator - INFO - 缓存已保存: PROCEDURE, PROCEDURE, PROCEDURE...
2025-06-07 12:53:02,311 - __main__ - INFO - 试验内容长度: 1158 字符
2025-06-07 12:53:02,311 - __main__ - INFO - 格式化招募中试验 13/20
2025-06-07 12:53:03,987 - translator - INFO - 缓存已保存: Posaconazole Plus Pembrolizumab and Chemotherapy V...
2025-06-07 12:53:05,976 - translator - INFO - 缓存已保存: A Phase II, Randomised, Open-label, Multicentre St...
2025-06-07 12:53:05,976 - translator - INFO - 缓存命中: Breast Cancer...
2025-06-07 12:53:07,655 - translator - INFO - 缓存已保存: Posaconazole, Nab-paclitaxel, Carboplatin, Anthrac...
2025-06-07 12:53:07,656 - translator - INFO - 缓存命中: DRUG, DRUG, DRUG, DRUG, DRUG, DRUG...
2025-06-07 12:53:07,656 - __main__ - INFO - 试验内容长度: 1348 字符
2025-06-07 12:53:07,656 - __main__ - INFO - 格式化招募中试验 14/20
2025-06-07 12:53:07,656 - translator - INFO - 缓存命中: A Study Evaluating the Efficacy and Safety of Inav...
2025-06-07 12:53:07,656 - translator - INFO - 缓存命中: A Phase III, Multicenter, Randomized, Double-Blind...
2025-06-07 12:53:07,656 - translator - INFO - 缓存命中: Breast Cancer...
2025-06-07 12:53:07,656 - translator - INFO - 缓存命中: Inavolisib, Placebo, CDK4/6i, Letrozole...
2025-06-07 12:53:07,656 - translator - INFO - 缓存命中: DRUG, DRUG, DRUG, DRUG...
2025-06-07 12:53:07,656 - __main__ - INFO - 试验内容长度: 1763 字符
2025-06-07 12:53:07,656 - __main__ - INFO - 格式化招募中试验 15/20
2025-06-07 12:53:07,656 - translator - INFO - 缓存命中: Study of PF-07220060 With Letrozole in Adults With...
2025-06-07 12:53:07,656 - translator - INFO - 缓存命中: AN INTERVENTIONAL, OPEN-LABEL, RANDOMIZED, MULTICE...
2025-06-07 12:53:07,656 - translator - INFO - 缓存命中: Breast Cancer...
2025-06-07 12:53:07,656 - translator - INFO - 缓存命中: PF-07220060, letrozole, abemaciclib, palbociclib, ...
2025-06-07 12:53:07,656 - translator - INFO - 缓存命中: DRUG, DRUG, DRUG, DRUG, DRUG...
2025-06-07 12:53:07,656 - __main__ - INFO - 试验内容长度: 1636 字符
2025-06-07 12:53:07,656 - __main__ - INFO - 格式化招募中试验 16/20
2025-06-07 12:53:55,862 - translator - INFO - 医学翻译器初始化完成 - 提供商: zhipu, 模型: glm-4
2025-06-07 12:53:55,862 - __main__ - INFO - 翻译器初始化成功
2025-06-07 12:53:55,862 - __main__ - INFO - 开始执行胰腺癌临床试验查询
2025-06-07 12:53:55,862 - __main__ - INFO - 正在查询: 胰腺癌
2025-06-07 12:53:55,862 - __main__ - INFO - 请求URL: https://beta-ut.clinicaltrials.gov/api/v2/studies?format=json&markupFormat=markdown&query.cond=%E8%83%B0%E8%85%BA%E7%99%8C&countTotal=true&pageSize=50&filter.overallStatus=RECRUITING&query.locn=china&postFilter.advanced=AREA%5BStartDate%5D2025&aggFilters=status%3Arec,phase%3A4+3+2+1
2025-06-07 12:53:56,412 - __main__ - INFO - 响应状态码: 200
2025-06-07 12:53:56,412 - __main__ - INFO - 查询成功，返回 0 个结果
2025-06-07 12:53:56,413 - __main__ - INFO - 原词 '胰腺癌' 查询无结果，尝试翻译后重新查询
2025-06-07 12:53:56,413 - translator - INFO - 缓存命中: 你是一个专业的医学翻译专家。请将以下中文医学查询词翻译成英文，要求：1. 保持医学术语的准确性；2....
2025-06-07 12:53:56,413 - __main__ - INFO - 使用翻译器转换查询词: '胰腺癌' -> 'Pancreatic cancer'
2025-06-07 12:53:56,413 - __main__ - INFO - 使用翻译后的查询词重新搜索: 'Pancreatic cancer'
2025-06-07 12:53:56,413 - __main__ - INFO - 正在查询: Pancreatic cancer
2025-06-07 12:53:56,413 - __main__ - INFO - 请求URL: https://beta-ut.clinicaltrials.gov/api/v2/studies?format=json&markupFormat=markdown&query.cond=Pancreatic+cancer&countTotal=true&pageSize=50&filter.overallStatus=RECRUITING&query.locn=china&postFilter.advanced=AREA%5BStartDate%5D2025&aggFilters=status%3Arec,phase%3A4+3+2+1
2025-06-07 12:53:56,948 - __main__ - INFO - 响应状态码: 200
2025-06-07 12:53:56,949 - __main__ - INFO - 查询成功，返回 13 个结果
2025-06-07 12:53:56,954 - __main__ - INFO - API响应数据已保存到 api_response.json
2025-06-07 12:53:56,954 - __main__ - INFO - 获取到 13 个试验
2025-06-07 12:53:56,956 - __main__ - INFO - 使用用户指定的首次发布日期过滤: 2025-01-01
2025-06-07 12:53:56,956 - __main__ - INFO - 日期过滤后剩余 11 个试验
2025-06-07 12:53:56,956 - __main__ - INFO - 开始对 11 个试验进行状态分组
2025-06-07 12:53:56,956 - __main__ - INFO - 试验 1/11: NCT06907043, 状态: 'RECRUITING' -> 'RECRUITING'
2025-06-07 12:53:56,956 - __main__ - INFO -   -> 分组到: 招募中
2025-06-07 12:53:56,956 - __main__ - INFO - 试验 2/11: NCT06898385, 状态: 'RECRUITING' -> 'RECRUITING'
2025-06-07 12:53:56,956 - __main__ - INFO -   -> 分组到: 招募中
2025-06-07 12:53:56,956 - __main__ - INFO - 试验 3/11: NCT06760819, 状态: 'RECRUITING' -> 'RECRUITING'
2025-06-07 12:53:56,956 - __main__ - INFO -   -> 分组到: 招募中
2025-06-07 12:53:56,956 - __main__ - INFO - 试验 4/11: NCT06944106, 状态: 'RECRUITING' -> 'RECRUITING'
2025-06-07 12:53:56,956 - __main__ - INFO -   -> 分组到: 招募中
2025-06-07 12:53:56,956 - __main__ - INFO - 试验 5/11: NCT06844422, 状态: 'RECRUITING' -> 'RECRUITING'
2025-06-07 12:53:56,956 - __main__ - INFO -   -> 分组到: 招募中
2025-06-07 12:53:56,956 - __main__ - INFO - 试验 6/11: NCT06816823, 状态: 'RECRUITING' -> 'RECRUITING'
2025-06-07 12:53:56,956 - __main__ - INFO -   -> 分组到: 招募中
2025-06-07 12:53:56,956 - __main__ - INFO - 试验 7/11: NCT06921928, 状态: 'RECRUITING' -> 'RECRUITING'
2025-06-07 12:53:56,956 - __main__ - INFO -   -> 分组到: 招募中
2025-06-07 12:53:56,956 - __main__ - INFO - 试验 8/11: NCT06914674, 状态: 'RECRUITING' -> 'RECRUITING'
2025-06-07 12:53:56,956 - __main__ - INFO -   -> 分组到: 招募中
2025-06-07 12:53:56,956 - __main__ - INFO - 试验 9/11: NCT06946901, 状态: 'RECRUITING' -> 'RECRUITING'
2025-06-07 12:53:56,956 - __main__ - INFO -   -> 分组到: 招募中
2025-06-07 12:53:56,956 - __main__ - INFO - 试验 10/11: NCT06789679, 状态: 'RECRUITING' -> 'RECRUITING'
2025-06-07 12:53:56,956 - __main__ - INFO -   -> 分组到: 招募中
2025-06-07 12:53:56,956 - __main__ - INFO - 试验 11/11: NCT06962267, 状态: 'RECRUITING' -> 'RECRUITING'
2025-06-07 12:53:56,956 - __main__ - INFO -   -> 分组到: 招募中
2025-06-07 12:53:56,956 - __main__ - INFO - 试验分组结果: 招募中=11, 活跃=0, 其他=0
2025-06-07 12:53:56,956 - __main__ - INFO - 开始生成试验列表内容
2025-06-07 12:53:56,957 - __main__ - INFO - 添加 11 个招募中的试验
2025-06-07 12:53:56,957 - __main__ - INFO - 格式化招募中试验 1/11
2025-06-07 12:53:56,957 - translator - INFO - 缓存命中: A Study of PARP1 Selective Inhibitor, EIK1004 (IMP...
2025-06-07 12:53:56,957 - translator - INFO - 缓存命中: A Phase 1/2, Open-label, Multicenter, Dose-escalat...
2025-06-07 12:53:56,957 - translator - INFO - 缓存命中: Advanced Solid Tumors...
2025-06-07 12:53:56,957 - translator - INFO - 缓存命中: EIK1004-001 (IMP1707-001)...
2025-06-07 12:53:56,957 - __main__ - INFO - 跳过单个医学术语的翻译: DRUG
2025-06-07 12:53:56,957 - __main__ - INFO - 试验内容长度: 1111 字符
2025-06-07 12:53:56,957 - __main__ - INFO - 格式化招募中试验 2/11
2025-06-07 12:53:58,386 - translator - INFO - 缓存已保存: A Phase I Clinical Study of IX001 TCR-T Injection ...
2025-06-07 12:53:58,386 - translator - INFO - 缓存命中: A Phase I Clinical Study of IX001 TCR-T Injection ...
2025-06-07 12:53:58,386 - translator - INFO - 缓存命中: Pancreatic Cancer...
2025-06-07 12:53:59,677 - translator - INFO - 缓存已保存: IX001 TCR-T injection, Fludarabine, Cyclophosphami...
2025-06-07 12:54:01,828 - translator - INFO - 缓存已保存: BIOLOGICAL, DRUG, DRUG...
2025-06-07 12:54:01,828 - __main__ - INFO - 试验内容长度: 1037 字符
2025-06-07 12:54:01,828 - __main__ - INFO - 格式化招募中试验 3/11
2025-06-07 12:54:01,828 - translator - INFO - 缓存命中: A Study to Learn More About How Well Treatment Wit...
2025-06-07 12:54:01,828 - translator - INFO - 缓存命中: A Phase 2 Open-label Basket Study to Evaluate the ...
2025-06-07 12:54:01,829 - translator - INFO - 缓存命中: Advanced Solid Tumors, HER2 Mutation...
2025-06-07 12:54:01,829 - translator - INFO - 缓存命中: BAY2927088...
2025-06-07 12:54:01,829 - __main__ - INFO - 跳过单个医学术语的翻译: DRUG
2025-06-07 12:54:01,829 - __main__ - INFO - 试验内容长度: 1393 字符
2025-06-07 12:54:01,829 - __main__ - INFO - 格式化招募中试验 4/11
2025-06-07 12:54:03,071 - translator - INFO - 缓存已保存: A Study on Ivonescimab Plus Chemotherapy as Neoadj...
2025-06-07 12:54:05,032 - translator - INFO - 缓存已保存: A Prospective, Single-arm, Phase II Clinical Study...
2025-06-07 12:54:05,032 - translator - INFO - 缓存命中: Pancreatic Cancer...
2025-06-07 12:54:07,243 - translator - INFO - 缓存已保存: AK112...
2025-06-07 12:54:07,243 - __main__ - WARNING - 检测到异常翻译结果，跳过: 原文='AK112', 翻译长度=86
2025-06-07 12:54:07,243 - __main__ - INFO - 跳过单个医学术语的翻译: DRUG
2025-06-07 12:54:07,243 - __main__ - INFO - 试验内容长度: 1046 字符
2025-06-07 12:54:07,243 - __main__ - INFO - 格式化招募中试验 5/11
2025-06-07 12:54:08,782 - translator - INFO - 缓存已保存: Adapted Guided Stereotactic Body Radiotherapy Comb...
2025-06-07 12:54:10,626 - translator - INFO - 缓存已保存: Adapted Guided Stereotactic Body Radiotherapy Comb...
2025-06-07 12:54:10,626 - translator - INFO - 缓存命中: Pancreatic Cancer...
2025-06-07 12:54:11,448 - translator - INFO - 缓存已保存: Ivonescimab...
2025-06-07 12:54:11,449 - __main__ - INFO - 跳过单个医学术语的翻译: DRUG
2025-06-07 12:54:11,449 - __main__ - INFO - 试验内容长度: 1055 字符
2025-06-07 12:54:11,449 - __main__ - INFO - 格式化招募中试验 6/11
2025-06-07 12:54:12,675 - translator - INFO - 缓存已保存: CAR-NK Cells (CL-NK-001) in Pancreatic Cancer...
2025-06-07 12:54:14,090 - translator - INFO - 缓存已保存: A Clinical Study of CAR-NK Cells (CL-NK-001) in Pa...
2025-06-07 12:54:14,090 - translator - INFO - 缓存命中: Pancreatic Cancer...
2025-06-07 12:54:15,100 - translator - INFO - 缓存已保存: CL-NK-001...
2025-06-07 12:54:15,100 - translator - INFO - 缓存命中: BIOLOGICAL...
2025-06-07 12:54:15,101 - __main__ - INFO - 试验内容长度: 804 字符
2025-06-07 12:54:15,101 - __main__ - INFO - 格式化招募中试验 7/11
2025-06-07 12:54:16,341 - translator - INFO - 缓存已保存: Study for AZD4360 in Participants With Advanced So...
2025-06-07 12:54:18,237 - translator - INFO - 缓存已保存: A Phase I/II Open-label Dose Escalation and Dose E...
2025-06-07 12:54:19,350 - translator - INFO - 缓存已保存: Gastric Cancer, Gastroesophageal Junction Cancer, ...
2025-06-07 12:54:20,293 - translator - INFO - 缓存已保存: AZD4360...
2025-06-07 12:54:20,294 - __main__ - INFO - 跳过单个医学术语的翻译: DRUG
2025-06-07 12:54:20,294 - __main__ - INFO - 试验内容长度: 1145 字符
2025-06-07 12:54:20,294 - __main__ - INFO - 格式化招募中试验 8/11
2025-06-07 12:54:21,740 - translator - INFO - 缓存已保存: Tamoxifen for Advanced Solid Pseudopapillary Tumor...
2025-06-07 12:54:21,741 - translator - INFO - 缓存命中: Tamoxifen for Advanced Solid Pseudopapillary Tumor...
2025-06-07 12:54:23,307 - translator - INFO - 缓存已保存: Pancreatic Neoplasms...
2025-06-07 12:54:24,286 - translator - INFO - 缓存已保存: Tamoxifen 20 mg...
2025-06-07 12:54:24,287 - __main__ - INFO - 跳过单个医学术语的翻译: DRUG
2025-06-07 12:54:24,287 - __main__ - INFO - 试验内容长度: 768 字符
2025-06-07 12:54:24,287 - __main__ - INFO - 格式化招募中试验 9/11
2025-06-07 12:54:25,620 - translator - INFO - 缓存已保存: The Safety and Effectiveness of Hyperthermic Intra...
2025-06-07 12:54:25,621 - translator - INFO - 缓存命中: The Safety and Effectiveness of Hyperthermic Intra...
2025-06-07 12:54:26,647 - translator - INFO - 缓存已保存: Hyperthermic Intraperitoneal Chemotherapy, Periton...
2025-06-07 12:54:27,881 - translator - INFO - 缓存已保存: Hyperthermic Intraperitoneal Chemotherapy (HIPEC) ...
2025-06-07 12:54:58,039 - translator - ERROR - 智谱AI翻译失败: HTTPSConnectionPool(host='open.bigmodel.cn', port=443): Read timed out. (read timeout=30)
2025-06-07 12:54:58,039 - translator - ERROR - 翻译失败: HTTPSConnectionPool(host='open.bigmodel.cn', port=443): Read timed out. (read timeout=30)
2025-06-07 12:54:58,039 - __main__ - INFO - 试验内容长度: 1333 字符
2025-06-07 12:54:58,039 - __main__ - INFO - 格式化招募中试验 10/11
2025-06-07 12:54:59,616 - translator - INFO - 缓存已保存: Albumin-Bound Paclitaxel and Gemcitabine With or W...
2025-06-07 12:55:01,602 - translator - INFO - 缓存已保存: Randomized Phase II Clinical Study of Albumin-Boun...
2025-06-07 12:55:02,359 - translator - INFO - 缓存已保存: Pancreatic Adenocarcinoma...
2025-06-07 12:55:04,047 - translator - INFO - 缓存已保存: Gemcitabine, albumin-bound paclitaxel, S-1, Gemcit...
2025-06-07 12:55:04,047 - translator - INFO - 缓存命中: DRUG, DRUG...
2025-06-07 12:55:04,047 - __main__ - WARNING - 检测到异常翻译结果，跳过: 原文='DRUG, DRUG', 翻译长度=156
2025-06-07 12:55:04,047 - __main__ - INFO - 试验内容长度: 1211 字符
2025-06-07 12:55:04,047 - __main__ - INFO - 格式化招募中试验 11/11
2025-06-07 12:55:06,898 - translator - INFO - 缓存已保存: A Clinical Study on the First-line Treatment of Me...
2025-06-07 12:55:08,656 - translator - INFO - 缓存已保存: A Phase II Clinical Study to Evaluate the Efficacy...
2025-06-07 12:55:08,656 - translator - INFO - 缓存命中: Pancreatic Cancer...
2025-06-07 12:55:09,663 - translator - INFO - 缓存已保存: TQB2916 Injection, Chemotherapy...
2025-06-07 12:55:09,663 - translator - INFO - 缓存命中: DRUG, DRUG...
2025-06-07 12:55:09,664 - __main__ - WARNING - 检测到异常翻译结果，跳过: 原文='DRUG, DRUG', 翻译长度=156
2025-06-07 12:55:09,664 - __main__ - INFO - 试验内容长度: 1215 字符
2025-06-07 12:55:09,664 - __main__ - INFO - 最终内容总长度: 12296 字符
2025-06-07 12:55:09,664 - __main__ - INFO - 报告已保存到: 2025-06-07_胰腺癌_临床试验.md
2025-06-07 12:55:09,664 - __main__ - INFO - 程序执行完成，共找到 11 个符合条件的试验
